May 31, 2017 1:55:47 AM codeu.chat.SimpleGuiClientMain main
INFO: ============================= START OF LOG =============================
May 31, 2017 1:55:47 AM codeu.chat.SimpleGuiClientMain main
INFO: Starting chat client...
May 31, 2017 1:55:47 AM codeu.chat.SimpleGuiClientMain main
INFO: Creating client...
May 31, 2017 1:55:47 AM codeu.chat.SimpleGuiClientMain runClient
INFO: Created client
May 31, 2017 1:55:47 AM codeu.chat.client.ClientMessage updateMessages
SEVERE: conversation argument is null - do nothing.
May 31, 2017 1:55:49 AM codeu.chat.SimpleGuiClientMain runClient
INFO: chat client is running.
May 31, 2017 1:55:54 AM codeu.chat.client.Controller newUser
INFO: newUser: Request completed.
May 31, 2017 1:55:54 AM codeu.chat.client.Controller newUser
INFO: newUser: Response completed.
May 31, 2017 1:55:54 AM codeu.chat.client.ClientUser addUser
INFO: New user complete, Name= "thao" UUID=[UUID:100.68240630]
May 31, 2017 1:56:08 AM codeu.chat.client.View getSignInStatus
INFO: thao Sign in request completed.
May 31, 2017 1:56:08 AM codeu.chat.client.View getSignInStatus
INFO: Sign in status response completed.
May 31, 2017 1:56:15 AM codeu.chat.client.ClientConversation startConversation
INFO: New conversation: Title= "test" UUID= [UUID:100.1313869900]
May 31, 2017 1:56:15 AM codeu.chat.client.ClientConversation updateCurrentConversation
INFO: Get Conversation: Title="test" UUID=[UUID:100.1313869900] first=[UUID:0] last=[UUID:0]

May 31, 2017 1:56:15 AM codeu.chat.client.ClientMessage updateMessages
INFO: ConversationHead: Title="test" UUID=[UUID:100.1313869900] first=[UUID:0] last=[UUID:0]

May 31, 2017 1:56:15 AM codeu.chat.client.ClientMessage getCurrentMessageFetchId
INFO: Refetch all messages: replaceAll=true firstMessage=[UUID:0]
May 31, 2017 1:56:15 AM codeu.chat.client.ClientMessage updateMessages
INFO: Retrieved 0 messages for conversation [UUID:100.1313869900] (test).

May 31, 2017 1:56:20 AM codeu.chat.client.ClientMessage addMessage
INFO: New message:, Author= [UUID:100.68240630] UUID= [UUID:100.2879871693]
May 31, 2017 1:56:20 AM codeu.chat.client.ClientMessage updateMessages
INFO: ConversationHead: Title="test" UUID=[UUID:100.1313869900] first=[UUID:100.2879871693] last=[UUID:100.2879871693]

May 31, 2017 1:56:20 AM codeu.chat.client.ClientMessage getCurrentMessageFetchId
INFO: Refetch all messages: replaceAll=false firstMessage=[UUID:100.2879871693]
May 31, 2017 1:56:20 AM codeu.chat.client.ClientMessage updateMessages
INFO: Retrieved 1 messages for conversation [UUID:100.1313869900] (test).

May 31, 2017 1:57:36 AM codeu.chat.SimpleGuiClientMain main
INFO: ============================= START OF LOG =============================
May 31, 2017 1:57:36 AM codeu.chat.SimpleGuiClientMain main
INFO: Starting chat client...
May 31, 2017 1:57:36 AM codeu.chat.SimpleGuiClientMain main
INFO: Creating client...
May 31, 2017 1:57:36 AM codeu.chat.SimpleGuiClientMain runClient
INFO: Created client
May 31, 2017 1:57:36 AM codeu.chat.client.ClientMessage updateMessages
SEVERE: conversation argument is null - do nothing.
May 31, 2017 1:57:37 AM codeu.chat.SimpleGuiClientMain runClient
INFO: chat client is running.
May 31, 2017 1:57:53 AM codeu.chat.client.Controller newUser
INFO: newUser: Request completed.
May 31, 2017 1:57:53 AM codeu.chat.client.Controller newUser
INFO: newUser: Response completed.
May 31, 2017 1:57:53 AM codeu.chat.client.ClientUser addUser
INFO: New user complete, Name= "thao" UUID=[UUID:100.4044372037]
May 31, 2017 1:58:01 AM codeu.chat.client.View getSignInStatus
INFO: thao Sign in request completed.
May 31, 2017 1:58:01 AM codeu.chat.client.View getSignInStatus
INFO: Sign in status response completed.
May 31, 2017 1:58:05 AM codeu.chat.client.ClientConversation startConversation
INFO: New conversation: Title= "hi" UUID= [UUID:100.1812130886]
May 31, 2017 1:58:05 AM codeu.chat.client.ClientConversation updateCurrentConversation
INFO: Get Conversation: Title="hi" UUID=[UUID:100.1812130886] first=[UUID:0] last=[UUID:0]

May 31, 2017 1:58:05 AM codeu.chat.client.ClientMessage updateMessages
INFO: ConversationHead: Title="hi" UUID=[UUID:100.1812130886] first=[UUID:0] last=[UUID:0]

May 31, 2017 1:58:05 AM codeu.chat.client.ClientMessage getCurrentMessageFetchId
INFO: Refetch all messages: replaceAll=true firstMessage=[UUID:0]
May 31, 2017 1:58:05 AM codeu.chat.client.ClientMessage updateMessages
INFO: Retrieved 0 messages for conversation [UUID:100.1812130886] (hi).

May 31, 2017 1:58:10 AM codeu.chat.client.ClientMessage addMessage
INFO: New message:, Author= [UUID:100.4044372037] UUID= [UUID:100.4241398627]
May 31, 2017 1:58:10 AM codeu.chat.client.ClientMessage updateMessages
INFO: ConversationHead: Title="hi" UUID=[UUID:100.1812130886] first=[UUID:100.4241398627] last=[UUID:100.4241398627]

May 31, 2017 1:58:10 AM codeu.chat.client.ClientMessage getCurrentMessageFetchId
INFO: Refetch all messages: replaceAll=false firstMessage=[UUID:100.4241398627]
May 31, 2017 1:58:10 AM codeu.chat.client.ClientMessage updateMessages
INFO: Retrieved 1 messages for conversation [UUID:100.1812130886] (hi).

