Apr 18, 2017 4:41:43 PM codeu.chat.ServerMain main
INFO: ============================= START OF LOG =============================
Apr 18, 2017 4:41:43 PM codeu.chat.ServerMain main
INFO: Starting server...
Apr 18, 2017 4:41:43 PM codeu.chat.server.Server$1 run
INFO: Reading update from relay...
Apr 18, 2017 4:41:43 PM codeu.chat.ServerMain runServer
INFO: Created server.
Apr 18, 2017 4:41:43 PM codeu.chat.ServerMain runServer
INFO: Established connection...
Apr 18, 2017 4:41:48 PM codeu.chat.server.Server$1 run
INFO: Reading update from relay...
Apr 18, 2017 4:41:53 PM codeu.chat.server.Server$1 run
INFO: Reading update from relay...
Apr 18, 2017 4:41:58 PM codeu.chat.server.Server$1 run
INFO: Reading update from relay...
Apr 18, 2017 4:42:00 PM codeu.chat.ServerMain runServer
INFO: Connection established.
Apr 18, 2017 4:42:00 PM codeu.chat.ServerMain runServer
INFO: Established connection...
Apr 18, 2017 4:42:00 PM codeu.chat.server.Server$2 run
INFO: Handling connection...
Apr 18, 2017 4:42:00 PM codeu.chat.server.Server$2 run
INFO: Connection handled: ACCEPTED
Apr 18, 2017 4:42:00 PM codeu.chat.ServerMain runServer
INFO: Connection established.
Apr 18, 2017 4:42:00 PM codeu.chat.ServerMain runServer
INFO: Established connection...
Apr 18, 2017 4:42:00 PM codeu.chat.server.Server$2 run
INFO: Handling connection...
Apr 18, 2017 4:42:00 PM codeu.chat.server.Server$2 run
INFO: Connection handled: ACCEPTED
Apr 18, 2017 4:42:03 PM codeu.chat.server.Server$1 run
INFO: Reading update from relay...
Apr 18, 2017 4:42:08 PM codeu.chat.server.Server$1 run
INFO: Reading update from relay...
Apr 18, 2017 4:42:10 PM codeu.chat.ServerMain runServer
INFO: Connection established.
Apr 18, 2017 4:42:10 PM codeu.chat.ServerMain runServer
INFO: Established connection...
Apr 18, 2017 4:42:10 PM codeu.chat.server.Server$2 run
INFO: Handling connection...
Apr 18, 2017 4:42:10 PM codeu.chat.server.Controller newUser
INFO: Server making new user Sona with password pops, status Love!
Apr 18, 2017 4:42:10 PM codeu.chat.server.Controller newUser
INFO: newUser success (user.id=[UUID:100.101.627774572] user.name=Sona user.password=pops user.time=18-Apr-2017 16:42:10.744)
Apr 18, 2017 4:42:10 PM codeu.chat.server.Server$2 run
INFO: Connection handled: ACCEPTED
Apr 18, 2017 4:42:10 PM codeu.chat.ServerMain runServer
INFO: Connection established.
Apr 18, 2017 4:42:10 PM codeu.chat.ServerMain runServer
INFO: Established connection...
Apr 18, 2017 4:42:10 PM codeu.chat.server.Server$2 run
INFO: Handling connection...
Apr 18, 2017 4:42:10 PM codeu.chat.server.View getUsersExcluding
INFO: Sona
Apr 18, 2017 4:42:10 PM codeu.chat.server.Server$2 run
INFO: Connection handled: ACCEPTED
Apr 18, 2017 4:42:10 PM codeu.chat.ServerMain runServer
INFO: Connection established.
Apr 18, 2017 4:42:10 PM codeu.chat.ServerMain runServer
INFO: Established connection...
Apr 18, 2017 4:42:10 PM codeu.chat.server.Server$2 run
INFO: Handling connection...
Apr 18, 2017 4:42:10 PM codeu.chat.server.View getUsersExcluding
INFO: Sona
Apr 18, 2017 4:42:10 PM codeu.chat.server.Server$2 run
INFO: Connection handled: ACCEPTED
Apr 18, 2017 4:42:13 PM codeu.chat.server.Server$1 run
INFO: Reading update from relay...
Apr 18, 2017 4:42:18 PM codeu.chat.server.Server$1 run
INFO: Reading update from relay...
Apr 18, 2017 4:42:18 PM codeu.chat.ServerMain runServer
INFO: Connection established.
Apr 18, 2017 4:42:18 PM codeu.chat.server.Server$2 run
INFO: Handling connection...
Apr 18, 2017 4:42:18 PM codeu.chat.ServerMain runServer
INFO: Established connection...
Apr 18, 2017 4:42:18 PM codeu.chat.server.Server$2 run
INFO: Connection handled: ACCEPTED
Apr 18, 2017 4:42:23 PM codeu.chat.server.Server$1 run
INFO: Reading update from relay...
Apr 18, 2017 4:42:28 PM codeu.chat.server.Server$1 run
INFO: Reading update from relay...
Apr 18, 2017 4:42:33 PM codeu.chat.server.Server$1 run
INFO: Reading update from relay...
Apr 18, 2017 4:42:38 PM codeu.chat.server.Server$1 run
INFO: Reading update from relay...
Apr 18, 2017 4:42:43 PM codeu.chat.server.Server$1 run
INFO: Reading update from relay...
Apr 18, 2017 4:42:48 PM codeu.chat.server.Server$1 run
INFO: Reading update from relay...
Apr 18, 2017 4:42:53 PM codeu.chat.server.Server$1 run
INFO: Reading update from relay...
Apr 18, 2017 4:42:58 PM codeu.chat.server.Server$1 run
INFO: Reading update from relay...
Apr 18, 2017 4:43:03 PM codeu.chat.server.Server$1 run
INFO: Reading update from relay...
Apr 18, 2017 4:43:08 PM codeu.chat.server.Server$1 run
INFO: Reading update from relay...
Apr 18, 2017 4:43:13 PM codeu.chat.server.Server$1 run
INFO: Reading update from relay...
Apr 18, 2017 4:43:18 PM codeu.chat.server.Server$1 run
INFO: Reading update from relay...
Apr 18, 2017 4:43:23 PM codeu.chat.server.Server$1 run
INFO: Reading update from relay...
Apr 18, 2017 4:43:28 PM codeu.chat.server.Server$1 run
INFO: Reading update from relay...
Apr 18, 2017 4:43:33 PM codeu.chat.server.Server$1 run
INFO: Reading update from relay...
Apr 18, 2017 4:43:38 PM codeu.chat.server.Server$1 run
INFO: Reading update from relay...
Apr 18, 2017 4:43:43 PM codeu.chat.server.Server$1 run
INFO: Reading update from relay...
Apr 18, 2017 4:43:48 PM codeu.chat.server.Server$1 run
INFO: Reading update from relay...
Apr 18, 2017 4:43:53 PM codeu.chat.server.Server$1 run
INFO: Reading update from relay...
Apr 18, 2017 4:43:58 PM codeu.chat.server.Server$1 run
INFO: Reading update from relay...
Apr 18, 2017 4:44:03 PM codeu.chat.server.Server$1 run
INFO: Reading update from relay...
Apr 18, 2017 4:44:15 PM codeu.chat.ServerMain main
INFO: ============================= START OF LOG =============================
Apr 18, 2017 4:44:15 PM codeu.chat.ServerMain main
INFO: Starting server...
Apr 18, 2017 4:44:15 PM codeu.chat.ServerMain runServer
INFO: Created server.
Apr 18, 2017 4:44:15 PM codeu.chat.server.Server$1 run
INFO: Reading update from relay...
Apr 18, 2017 4:44:15 PM codeu.chat.ServerMain runServer
INFO: Established connection...
Apr 18, 2017 4:44:20 PM codeu.chat.server.Server$1 run
INFO: Reading update from relay...
Apr 18, 2017 4:44:20 PM codeu.chat.ServerMain runServer
INFO: Connection established.
Apr 18, 2017 4:44:20 PM codeu.chat.ServerMain runServer
INFO: Established connection...
Apr 18, 2017 4:44:20 PM codeu.chat.server.Server$2 run
INFO: Handling connection...
Apr 18, 2017 4:44:20 PM codeu.chat.server.Server$2 run
INFO: Connection handled: ACCEPTED
Apr 18, 2017 4:44:20 PM codeu.chat.ServerMain runServer
INFO: Connection established.
Apr 18, 2017 4:44:20 PM codeu.chat.ServerMain runServer
INFO: Established connection...
Apr 18, 2017 4:44:20 PM codeu.chat.server.Server$2 run
INFO: Handling connection...
Apr 18, 2017 4:44:20 PM codeu.chat.server.Server$2 run
INFO: Connection handled: ACCEPTED
Apr 18, 2017 4:44:25 PM codeu.chat.server.Server$1 run
INFO: Reading update from relay...
Apr 18, 2017 4:44:30 PM codeu.chat.server.Server$1 run
INFO: Reading update from relay...
Apr 18, 2017 4:44:33 PM codeu.chat.ServerMain runServer
INFO: Connection established.
Apr 18, 2017 4:44:33 PM codeu.chat.ServerMain runServer
INFO: Established connection...
Apr 18, 2017 4:44:33 PM codeu.chat.server.Server$2 run
INFO: Handling connection...
Apr 18, 2017 4:44:33 PM codeu.chat.server.Controller newUser
INFO: Server making new user Sona with password Pops, status Love life
Apr 18, 2017 4:44:33 PM codeu.chat.server.Controller newUser
INFO: newUser success (user.id=[UUID:100.101.2537530194] user.name=Sona user.password=Pops user.time=18-Apr-2017 16:44:33.187)
Apr 18, 2017 4:44:33 PM codeu.chat.server.Server$2 run
INFO: Connection handled: ACCEPTED
Apr 18, 2017 4:44:33 PM codeu.chat.ServerMain runServer
INFO: Connection established.
Apr 18, 2017 4:44:33 PM codeu.chat.ServerMain runServer
INFO: Established connection...
Apr 18, 2017 4:44:33 PM codeu.chat.server.Server$2 run
INFO: Handling connection...
Apr 18, 2017 4:44:33 PM codeu.chat.server.View getUsersExcluding
INFO: Sona
Apr 18, 2017 4:44:33 PM codeu.chat.server.Server$2 run
INFO: Connection handled: ACCEPTED
Apr 18, 2017 4:44:33 PM codeu.chat.ServerMain runServer
INFO: Connection established.
Apr 18, 2017 4:44:33 PM codeu.chat.ServerMain runServer
INFO: Established connection...
Apr 18, 2017 4:44:33 PM codeu.chat.server.Server$2 run
INFO: Handling connection...
Apr 18, 2017 4:44:33 PM codeu.chat.server.View getUsersExcluding
INFO: Sona
Apr 18, 2017 4:44:33 PM codeu.chat.server.Server$2 run
INFO: Connection handled: ACCEPTED
Apr 18, 2017 4:44:35 PM codeu.chat.server.Server$1 run
INFO: Reading update from relay...
Apr 18, 2017 4:44:40 PM codeu.chat.server.Server$1 run
INFO: Reading update from relay...
Apr 18, 2017 4:44:43 PM codeu.chat.ServerMain runServer
INFO: Connection established.
Apr 18, 2017 4:44:43 PM codeu.chat.ServerMain runServer
INFO: Established connection...
Apr 18, 2017 4:44:43 PM codeu.chat.server.Server$2 run
INFO: Handling connection...
Apr 18, 2017 4:44:43 PM codeu.chat.server.Server$2 run
INFO: Connection handled: ACCEPTED
Apr 18, 2017 4:44:45 PM codeu.chat.server.Server$1 run
INFO: Reading update from relay...
Apr 18, 2017 4:44:46 PM codeu.chat.ServerMain runServer
INFO: Connection established.
Apr 18, 2017 4:44:46 PM codeu.chat.ServerMain runServer
INFO: Established connection...
Apr 18, 2017 4:44:46 PM codeu.chat.server.Server$2 run
INFO: Handling connection...
Apr 18, 2017 4:44:46 PM codeu.chat.server.Server$2 run
INFO: Connection handled: ACCEPTED
Apr 18, 2017 4:44:50 PM codeu.chat.server.Server$1 run
INFO: Reading update from relay...
Apr 18, 2017 4:44:51 PM codeu.chat.ServerMain runServer
INFO: Connection established.
Apr 18, 2017 4:44:51 PM codeu.chat.ServerMain runServer
INFO: Established connection...
Apr 18, 2017 4:44:51 PM codeu.chat.server.Server$2 run
INFO: Handling connection...
Apr 18, 2017 4:44:51 PM codeu.chat.server.View getUsersExcluding
INFO: Sona
Apr 18, 2017 4:44:51 PM codeu.chat.server.Server$2 run
INFO: Connection handled: ACCEPTED
Apr 18, 2017 4:44:51 PM codeu.chat.ServerMain runServer
INFO: Connection established.
Apr 18, 2017 4:44:51 PM codeu.chat.ServerMain runServer
INFO: Established connection...
Apr 18, 2017 4:44:51 PM codeu.chat.server.Server$2 run
INFO: Handling connection...
Apr 18, 2017 4:44:51 PM codeu.chat.server.View getUsersExcluding
INFO: Sona
Apr 18, 2017 4:44:51 PM codeu.chat.server.Server$2 run
INFO: Connection handled: ACCEPTED
Apr 18, 2017 4:44:51 PM codeu.chat.ServerMain runServer
INFO: Connection established.
Apr 18, 2017 4:44:51 PM codeu.chat.ServerMain runServer
INFO: Established connection...
Apr 18, 2017 4:44:51 PM codeu.chat.server.Server$2 run
INFO: Handling connection...
Apr 18, 2017 4:44:51 PM codeu.chat.server.View getUsersExcluding
INFO: Sona
Apr 18, 2017 4:44:51 PM codeu.chat.server.Server$2 run
INFO: Connection handled: ACCEPTED
Apr 18, 2017 4:44:52 PM codeu.chat.ServerMain runServer
INFO: Connection established.
Apr 18, 2017 4:44:52 PM codeu.chat.ServerMain runServer
INFO: Established connection...
Apr 18, 2017 4:44:52 PM codeu.chat.server.Server$2 run
INFO: Handling connection...
Apr 18, 2017 4:44:52 PM codeu.chat.server.View getUsersExcluding
INFO: Sona
Apr 18, 2017 4:44:52 PM codeu.chat.server.Server$2 run
INFO: Connection handled: ACCEPTED
Apr 18, 2017 4:44:52 PM codeu.chat.ServerMain runServer
INFO: Connection established.
Apr 18, 2017 4:44:52 PM codeu.chat.ServerMain runServer
INFO: Established connection...
Apr 18, 2017 4:44:52 PM codeu.chat.server.Server$2 run
INFO: Handling connection...
Apr 18, 2017 4:44:52 PM codeu.chat.server.View getUsersExcluding
INFO: Sona
Apr 18, 2017 4:44:52 PM codeu.chat.server.Server$2 run
INFO: Connection handled: ACCEPTED
Apr 18, 2017 4:44:52 PM codeu.chat.ServerMain runServer
INFO: Connection established.
Apr 18, 2017 4:44:52 PM codeu.chat.ServerMain runServer
INFO: Established connection...
Apr 18, 2017 4:44:52 PM codeu.chat.server.Server$2 run
INFO: Handling connection...
Apr 18, 2017 4:44:52 PM codeu.chat.server.View getUsersExcluding
INFO: Sona
Apr 18, 2017 4:44:52 PM codeu.chat.server.Server$2 run
INFO: Connection handled: ACCEPTED
Apr 18, 2017 4:44:52 PM codeu.chat.ServerMain runServer
INFO: Connection established.
Apr 18, 2017 4:44:52 PM codeu.chat.ServerMain runServer
INFO: Established connection...
Apr 18, 2017 4:44:52 PM codeu.chat.server.Server$2 run
INFO: Handling connection...
Apr 18, 2017 4:44:52 PM codeu.chat.server.View getUsersExcluding
INFO: Sona
Apr 18, 2017 4:44:52 PM codeu.chat.server.Server$2 run
INFO: Connection handled: ACCEPTED
Apr 18, 2017 4:44:52 PM codeu.chat.ServerMain runServer
INFO: Connection established.
Apr 18, 2017 4:44:52 PM codeu.chat.server.Server$2 run
INFO: Handling connection...
Apr 18, 2017 4:44:52 PM codeu.chat.ServerMain runServer
INFO: Established connection...
Apr 18, 2017 4:44:52 PM codeu.chat.server.View getUsersExcluding
INFO: Sona
Apr 18, 2017 4:44:52 PM codeu.chat.server.Server$2 run
INFO: Connection handled: ACCEPTED
Apr 18, 2017 4:44:53 PM codeu.chat.ServerMain runServer
INFO: Connection established.
Apr 18, 2017 4:44:53 PM codeu.chat.ServerMain runServer
INFO: Established connection...
Apr 18, 2017 4:44:53 PM codeu.chat.server.Server$2 run
INFO: Handling connection...
Apr 18, 2017 4:44:53 PM codeu.chat.server.View getUsersExcluding
INFO: Sona
Apr 18, 2017 4:44:53 PM codeu.chat.server.Server$2 run
INFO: Connection handled: ACCEPTED
Apr 18, 2017 4:44:55 PM codeu.chat.server.Server$1 run
INFO: Reading update from relay...
Apr 18, 2017 4:44:56 PM codeu.chat.ServerMain runServer
INFO: Connection established.
Apr 18, 2017 4:44:56 PM codeu.chat.server.Server$2 run
INFO: Handling connection...
Apr 18, 2017 4:44:56 PM codeu.chat.ServerMain runServer
INFO: Established connection...
Apr 18, 2017 4:44:56 PM codeu.chat.server.View getUsersExcluding
INFO: Sona
Apr 18, 2017 4:44:56 PM codeu.chat.server.Server$2 run
INFO: Connection handled: ACCEPTED
Apr 18, 2017 4:44:56 PM codeu.chat.ServerMain runServer
INFO: Connection established.
Apr 18, 2017 4:44:56 PM codeu.chat.ServerMain runServer
INFO: Established connection...
Apr 18, 2017 4:44:56 PM codeu.chat.server.Server$2 run
INFO: Handling connection...
Apr 18, 2017 4:44:56 PM codeu.chat.server.Server$2 run
INFO: Connection handled: ACCEPTED
Apr 18, 2017 4:45:00 PM codeu.chat.server.Server$1 run
INFO: Reading update from relay...
Apr 18, 2017 4:45:04 PM codeu.chat.ServerMain runServer
INFO: Connection established.
Apr 18, 2017 4:45:04 PM codeu.chat.server.Server$2 run
INFO: Handling connection...
Apr 18, 2017 4:45:04 PM codeu.chat.ServerMain runServer
INFO: Established connection...
Apr 18, 2017 4:45:04 PM codeu.chat.server.Server$2 run
INFO: Connection handled: ACCEPTED
Apr 18, 2017 4:45:05 PM codeu.chat.server.Server$1 run
INFO: Reading update from relay...
Apr 18, 2017 4:45:10 PM codeu.chat.server.Server$1 run
INFO: Reading update from relay...
Apr 18, 2017 4:45:15 PM codeu.chat.server.Server$1 run
INFO: Reading update from relay...
Apr 18, 2017 4:45:16 PM codeu.chat.ServerMain runServer
INFO: Connection established.
Apr 18, 2017 4:45:16 PM codeu.chat.ServerMain runServer
INFO: Established connection...
Apr 18, 2017 4:45:16 PM codeu.chat.server.Server$2 run
INFO: Handling connection...
Apr 18, 2017 4:45:16 PM codeu.chat.server.Controller newUser
INFO: Server making new user Nicole with password lol, status LOL!
Apr 18, 2017 4:45:16 PM codeu.chat.server.Controller newUser
INFO: newUser success (user.id=[UUID:100.101.3918968251] user.name=Nicole user.password=lol user.time=18-Apr-2017 16:45:16.214)
Apr 18, 2017 4:45:16 PM codeu.chat.server.Server$2 run
INFO: Connection handled: ACCEPTED
Apr 18, 2017 4:45:16 PM codeu.chat.ServerMain runServer
INFO: Connection established.
Apr 18, 2017 4:45:16 PM codeu.chat.ServerMain runServer
INFO: Established connection...
Apr 18, 2017 4:45:16 PM codeu.chat.server.Server$2 run
INFO: Handling connection...
Apr 18, 2017 4:45:16 PM codeu.chat.server.View getUsersExcluding
INFO: Nicole
Apr 18, 2017 4:45:16 PM codeu.chat.server.View getUsersExcluding
INFO: Sona
Apr 18, 2017 4:45:16 PM codeu.chat.server.Server$2 run
INFO: Connection handled: ACCEPTED
Apr 18, 2017 4:45:16 PM codeu.chat.ServerMain runServer
INFO: Connection established.
Apr 18, 2017 4:45:16 PM codeu.chat.ServerMain runServer
INFO: Established connection...
Apr 18, 2017 4:45:16 PM codeu.chat.server.Server$2 run
INFO: Handling connection...
Apr 18, 2017 4:45:16 PM codeu.chat.server.View getUsersExcluding
INFO: Nicole
Apr 18, 2017 4:45:16 PM codeu.chat.server.View getUsersExcluding
INFO: Sona
Apr 18, 2017 4:45:16 PM codeu.chat.server.Server$2 run
INFO: Connection handled: ACCEPTED
Apr 18, 2017 4:45:20 PM codeu.chat.server.Server$1 run
INFO: Reading update from relay...
Apr 18, 2017 4:45:24 PM codeu.chat.ServerMain runServer
INFO: Connection established.
Apr 18, 2017 4:45:24 PM codeu.chat.ServerMain runServer
INFO: Established connection...
Apr 18, 2017 4:45:24 PM codeu.chat.server.Server$2 run
INFO: Handling connection...
Apr 18, 2017 4:45:24 PM codeu.chat.server.Server$2 run
INFO: Connection handled: ACCEPTED
Apr 18, 2017 4:45:25 PM codeu.chat.server.Server$1 run
INFO: Reading update from relay...
Apr 18, 2017 4:45:30 PM codeu.chat.server.Server$1 run
INFO: Reading update from relay...
Apr 18, 2017 4:45:35 PM codeu.chat.server.Server$1 run
INFO: Reading update from relay...
Apr 18, 2017 4:45:40 PM codeu.chat.server.Server$1 run
INFO: Reading update from relay...
Apr 18, 2017 4:45:45 PM codeu.chat.server.Server$1 run
INFO: Reading update from relay...
Apr 18, 2017 4:45:50 PM codeu.chat.server.Server$1 run
INFO: Reading update from relay...
Apr 18, 2017 4:45:55 PM codeu.chat.server.Server$1 run
INFO: Reading update from relay...
Apr 18, 2017 4:46:00 PM codeu.chat.server.Server$1 run
INFO: Reading update from relay...
Apr 18, 2017 4:46:05 PM codeu.chat.server.Server$1 run
INFO: Reading update from relay...
Apr 18, 2017 4:46:10 PM codeu.chat.server.Server$1 run
INFO: Reading update from relay...
Apr 18, 2017 4:46:15 PM codeu.chat.server.Server$1 run
INFO: Reading update from relay...
Apr 18, 2017 4:46:20 PM codeu.chat.server.Server$1 run
INFO: Reading update from relay...
Apr 18, 2017 4:46:25 PM codeu.chat.server.Server$1 run
INFO: Reading update from relay...
Apr 18, 2017 4:46:30 PM codeu.chat.server.Server$1 run
INFO: Reading update from relay...
Apr 18, 2017 4:46:35 PM codeu.chat.server.Server$1 run
INFO: Reading update from relay...
Apr 18, 2017 4:46:40 PM codeu.chat.server.Server$1 run
INFO: Reading update from relay...
Apr 18, 2017 4:46:45 PM codeu.chat.server.Server$1 run
INFO: Reading update from relay...
Apr 18, 2017 4:46:50 PM codeu.chat.server.Server$1 run
INFO: Reading update from relay...
Apr 18, 2017 4:46:55 PM codeu.chat.server.Server$1 run
INFO: Reading update from relay...
Apr 18, 2017 4:47:00 PM codeu.chat.server.Server$1 run
INFO: Reading update from relay...
Apr 18, 2017 4:47:05 PM codeu.chat.server.Server$1 run
INFO: Reading update from relay...
Apr 18, 2017 4:47:10 PM codeu.chat.server.Server$1 run
INFO: Reading update from relay...
Apr 18, 2017 4:47:15 PM codeu.chat.server.Server$1 run
INFO: Reading update from relay...
Apr 18, 2017 4:47:20 PM codeu.chat.server.Server$1 run
INFO: Reading update from relay...
Apr 18, 2017 4:47:25 PM codeu.chat.server.Server$1 run
INFO: Reading update from relay...
Apr 18, 2017 4:47:30 PM codeu.chat.server.Server$1 run
INFO: Reading update from relay...
Apr 18, 2017 4:47:35 PM codeu.chat.server.Server$1 run
INFO: Reading update from relay...
Apr 18, 2017 4:47:40 PM codeu.chat.server.Server$1 run
INFO: Reading update from relay...
Apr 18, 2017 4:47:45 PM codeu.chat.server.Server$1 run
INFO: Reading update from relay...
Apr 18, 2017 4:47:50 PM codeu.chat.server.Server$1 run
INFO: Reading update from relay...
Apr 18, 2017 4:47:55 PM codeu.chat.server.Server$1 run
INFO: Reading update from relay...
Apr 18, 2017 4:48:00 PM codeu.chat.server.Server$1 run
INFO: Reading update from relay...
Apr 18, 2017 4:48:05 PM codeu.chat.server.Server$1 run
INFO: Reading update from relay...
Apr 18, 2017 4:48:10 PM codeu.chat.server.Server$1 run
INFO: Reading update from relay...
Apr 18, 2017 4:48:15 PM codeu.chat.server.Server$1 run
INFO: Reading update from relay...
Apr 18, 2017 4:48:20 PM codeu.chat.server.Server$1 run
INFO: Reading update from relay...
Apr 18, 2017 4:48:25 PM codeu.chat.server.Server$1 run
INFO: Reading update from relay...
Apr 18, 2017 4:48:30 PM codeu.chat.server.Server$1 run
INFO: Reading update from relay...
Apr 18, 2017 4:48:35 PM codeu.chat.server.Server$1 run
INFO: Reading update from relay...
Apr 18, 2017 4:48:40 PM codeu.chat.server.Server$1 run
INFO: Reading update from relay...
Apr 18, 2017 4:48:45 PM codeu.chat.server.Server$1 run
INFO: Reading update from relay...
Apr 18, 2017 4:48:50 PM codeu.chat.server.Server$1 run
INFO: Reading update from relay...
Apr 18, 2017 4:48:55 PM codeu.chat.server.Server$1 run
INFO: Reading update from relay...
Apr 18, 2017 4:49:00 PM codeu.chat.server.Server$1 run
INFO: Reading update from relay...
Apr 18, 2017 4:49:05 PM codeu.chat.server.Server$1 run
INFO: Reading update from relay...
Apr 18, 2017 4:49:10 PM codeu.chat.server.Server$1 run
INFO: Reading update from relay...
Apr 18, 2017 4:49:15 PM codeu.chat.server.Server$1 run
INFO: Reading update from relay...
Apr 18, 2017 4:49:20 PM codeu.chat.server.Server$1 run
INFO: Reading update from relay...
Apr 18, 2017 4:49:25 PM codeu.chat.server.Server$1 run
INFO: Reading update from relay...
Apr 18, 2017 4:49:30 PM codeu.chat.server.Server$1 run
INFO: Reading update from relay...
Apr 18, 2017 4:49:35 PM codeu.chat.server.Server$1 run
INFO: Reading update from relay...
Apr 18, 2017 4:49:40 PM codeu.chat.server.Server$1 run
INFO: Reading update from relay...
Apr 18, 2017 4:49:45 PM codeu.chat.server.Server$1 run
INFO: Reading update from relay...
Apr 18, 2017 4:49:50 PM codeu.chat.server.Server$1 run
INFO: Reading update from relay...
Apr 18, 2017 4:49:55 PM codeu.chat.server.Server$1 run
INFO: Reading update from relay...
Apr 18, 2017 4:50:00 PM codeu.chat.server.Server$1 run
INFO: Reading update from relay...
Apr 18, 2017 4:50:05 PM codeu.chat.server.Server$1 run
INFO: Reading update from relay...
Apr 18, 2017 4:50:10 PM codeu.chat.server.Server$1 run
INFO: Reading update from relay...
Apr 18, 2017 4:50:15 PM codeu.chat.server.Server$1 run
INFO: Reading update from relay...
Apr 18, 2017 4:50:20 PM codeu.chat.server.Server$1 run
INFO: Reading update from relay...
Apr 18, 2017 4:50:25 PM codeu.chat.server.Server$1 run
INFO: Reading update from relay...
Apr 18, 2017 4:50:30 PM codeu.chat.server.Server$1 run
INFO: Reading update from relay...
Apr 18, 2017 4:50:35 PM codeu.chat.server.Server$1 run
INFO: Reading update from relay...
Apr 18, 2017 4:50:40 PM codeu.chat.server.Server$1 run
INFO: Reading update from relay...
Apr 18, 2017 4:50:45 PM codeu.chat.server.Server$1 run
INFO: Reading update from relay...
Apr 18, 2017 4:50:51 PM codeu.chat.server.Server$1 run
INFO: Reading update from relay...
Apr 18, 2017 4:50:56 PM codeu.chat.server.Server$1 run
INFO: Reading update from relay...
Apr 18, 2017 4:51:01 PM codeu.chat.server.Server$1 run
INFO: Reading update from relay...
Apr 18, 2017 4:51:06 PM codeu.chat.server.Server$1 run
INFO: Reading update from relay...
Apr 18, 2017 4:51:11 PM codeu.chat.server.Server$1 run
INFO: Reading update from relay...
Apr 18, 2017 4:51:16 PM codeu.chat.server.Server$1 run
INFO: Reading update from relay...
Apr 18, 2017 4:51:21 PM codeu.chat.server.Server$1 run
INFO: Reading update from relay...
Apr 18, 2017 4:51:26 PM codeu.chat.server.Server$1 run
INFO: Reading update from relay...
Apr 18, 2017 4:51:31 PM codeu.chat.server.Server$1 run
INFO: Reading update from relay...
Apr 18, 2017 4:51:36 PM codeu.chat.server.Server$1 run
INFO: Reading update from relay...
Apr 18, 2017 4:51:41 PM codeu.chat.server.Server$1 run
INFO: Reading update from relay...
Apr 18, 2017 4:51:46 PM codeu.chat.server.Server$1 run
INFO: Reading update from relay...
Apr 18, 2017 4:51:51 PM codeu.chat.server.Server$1 run
INFO: Reading update from relay...
Apr 18, 2017 4:51:56 PM codeu.chat.server.Server$1 run
INFO: Reading update from relay...
Apr 18, 2017 4:52:01 PM codeu.chat.server.Server$1 run
INFO: Reading update from relay...
Apr 18, 2017 4:52:06 PM codeu.chat.server.Server$1 run
INFO: Reading update from relay...
Apr 18, 2017 4:52:11 PM codeu.chat.server.Server$1 run
INFO: Reading update from relay...
Apr 18, 2017 4:52:16 PM codeu.chat.server.Server$1 run
INFO: Reading update from relay...
Apr 18, 2017 4:52:21 PM codeu.chat.server.Server$1 run
INFO: Reading update from relay...
Apr 18, 2017 4:52:26 PM codeu.chat.server.Server$1 run
INFO: Reading update from relay...
Apr 18, 2017 4:52:31 PM codeu.chat.server.Server$1 run
INFO: Reading update from relay...
Apr 18, 2017 4:52:36 PM codeu.chat.server.Server$1 run
INFO: Reading update from relay...
Apr 18, 2017 4:52:41 PM codeu.chat.server.Server$1 run
INFO: Reading update from relay...
Apr 18, 2017 4:52:46 PM codeu.chat.server.Server$1 run
INFO: Reading update from relay...
Apr 18, 2017 4:52:51 PM codeu.chat.server.Server$1 run
INFO: Reading update from relay...
Apr 18, 2017 4:52:56 PM codeu.chat.server.Server$1 run
INFO: Reading update from relay...
Apr 18, 2017 4:53:01 PM codeu.chat.server.Server$1 run
INFO: Reading update from relay...
Apr 18, 2017 4:53:06 PM codeu.chat.server.Server$1 run
INFO: Reading update from relay...
Apr 18, 2017 4:53:11 PM codeu.chat.server.Server$1 run
INFO: Reading update from relay...
Apr 18, 2017 4:53:16 PM codeu.chat.server.Server$1 run
INFO: Reading update from relay...
Apr 18, 2017 4:53:21 PM codeu.chat.server.Server$1 run
INFO: Reading update from relay...
Apr 18, 2017 4:53:26 PM codeu.chat.server.Server$1 run
INFO: Reading update from relay...
Apr 18, 2017 4:53:31 PM codeu.chat.server.Server$1 run
INFO: Reading update from relay...
Apr 18, 2017 4:53:36 PM codeu.chat.server.Server$1 run
INFO: Reading update from relay...
Apr 18, 2017 4:53:41 PM codeu.chat.server.Server$1 run
INFO: Reading update from relay...
Apr 18, 2017 4:53:46 PM codeu.chat.server.Server$1 run
INFO: Reading update from relay...
Apr 18, 2017 4:53:51 PM codeu.chat.server.Server$1 run
INFO: Reading update from relay...
Apr 18, 2017 4:53:56 PM codeu.chat.server.Server$1 run
INFO: Reading update from relay...
Apr 18, 2017 4:54:01 PM codeu.chat.server.Server$1 run
INFO: Reading update from relay...
Apr 18, 2017 4:54:06 PM codeu.chat.server.Server$1 run
INFO: Reading update from relay...
Apr 18, 2017 4:54:11 PM codeu.chat.server.Server$1 run
INFO: Reading update from relay...
Apr 18, 2017 4:54:16 PM codeu.chat.server.Server$1 run
INFO: Reading update from relay...
Apr 18, 2017 4:54:21 PM codeu.chat.server.Server$1 run
INFO: Reading update from relay...
Apr 18, 2017 4:54:26 PM codeu.chat.server.Server$1 run
INFO: Reading update from relay...
Apr 18, 2017 4:54:31 PM codeu.chat.server.Server$1 run
INFO: Reading update from relay...
Apr 18, 2017 4:54:36 PM codeu.chat.server.Server$1 run
INFO: Reading update from relay...
Apr 18, 2017 4:54:41 PM codeu.chat.server.Server$1 run
INFO: Reading update from relay...
Apr 18, 2017 4:54:46 PM codeu.chat.server.Server$1 run
INFO: Reading update from relay...
Apr 18, 2017 4:54:51 PM codeu.chat.server.Server$1 run
INFO: Reading update from relay...
Apr 18, 2017 4:54:56 PM codeu.chat.server.Server$1 run
INFO: Reading update from relay...
Apr 18, 2017 4:55:01 PM codeu.chat.server.Server$1 run
INFO: Reading update from relay...
Apr 18, 2017 4:55:06 PM codeu.chat.server.Server$1 run
INFO: Reading update from relay...
Apr 18, 2017 4:55:11 PM codeu.chat.server.Server$1 run
INFO: Reading update from relay...
Apr 18, 2017 4:55:16 PM codeu.chat.server.Server$1 run
INFO: Reading update from relay...
Apr 18, 2017 4:55:21 PM codeu.chat.server.Server$1 run
INFO: Reading update from relay...
Apr 18, 2017 4:55:26 PM codeu.chat.server.Server$1 run
INFO: Reading update from relay...
Apr 18, 2017 4:55:31 PM codeu.chat.server.Server$1 run
INFO: Reading update from relay...
Apr 18, 2017 4:55:36 PM codeu.chat.server.Server$1 run
INFO: Reading update from relay...
Apr 18, 2017 4:55:41 PM codeu.chat.server.Server$1 run
INFO: Reading update from relay...
Apr 18, 2017 4:55:46 PM codeu.chat.server.Server$1 run
INFO: Reading update from relay...
Apr 18, 2017 4:55:51 PM codeu.chat.server.Server$1 run
INFO: Reading update from relay...
Apr 18, 2017 4:55:56 PM codeu.chat.server.Server$1 run
INFO: Reading update from relay...
Apr 18, 2017 4:56:01 PM codeu.chat.server.Server$1 run
INFO: Reading update from relay...
Apr 18, 2017 4:56:06 PM codeu.chat.server.Server$1 run
INFO: Reading update from relay...
Apr 18, 2017 4:56:11 PM codeu.chat.server.Server$1 run
INFO: Reading update from relay...
Apr 18, 2017 4:56:16 PM codeu.chat.server.Server$1 run
INFO: Reading update from relay...
Apr 18, 2017 4:56:21 PM codeu.chat.server.Server$1 run
INFO: Reading update from relay...
Apr 18, 2017 4:56:26 PM codeu.chat.server.Server$1 run
INFO: Reading update from relay...
Apr 18, 2017 4:56:31 PM codeu.chat.server.Server$1 run
INFO: Reading update from relay...
Apr 18, 2017 4:56:36 PM codeu.chat.server.Server$1 run
INFO: Reading update from relay...
Apr 18, 2017 4:56:41 PM codeu.chat.server.Server$1 run
INFO: Reading update from relay...
Apr 18, 2017 4:56:46 PM codeu.chat.server.Server$1 run
INFO: Reading update from relay...
Apr 18, 2017 4:56:51 PM codeu.chat.server.Server$1 run
INFO: Reading update from relay...
Apr 18, 2017 4:56:56 PM codeu.chat.server.Server$1 run
INFO: Reading update from relay...
Apr 18, 2017 4:57:01 PM codeu.chat.server.Server$1 run
INFO: Reading update from relay...
Apr 18, 2017 4:57:06 PM codeu.chat.server.Server$1 run
INFO: Reading update from relay...
Apr 18, 2017 4:57:11 PM codeu.chat.server.Server$1 run
INFO: Reading update from relay...
Apr 18, 2017 4:57:16 PM codeu.chat.server.Server$1 run
INFO: Reading update from relay...
Apr 18, 2017 4:57:21 PM codeu.chat.server.Server$1 run
INFO: Reading update from relay...
Apr 18, 2017 4:57:26 PM codeu.chat.server.Server$1 run
INFO: Reading update from relay...
Apr 18, 2017 4:57:31 PM codeu.chat.server.Server$1 run
INFO: Reading update from relay...
Apr 18, 2017 4:57:36 PM codeu.chat.server.Server$1 run
INFO: Reading update from relay...
Apr 18, 2017 4:57:41 PM codeu.chat.server.Server$1 run
INFO: Reading update from relay...
Apr 18, 2017 4:57:46 PM codeu.chat.server.Server$1 run
INFO: Reading update from relay...
Apr 18, 2017 4:57:51 PM codeu.chat.server.Server$1 run
INFO: Reading update from relay...
Apr 18, 2017 4:57:56 PM codeu.chat.server.Server$1 run
INFO: Reading update from relay...
Apr 18, 2017 4:58:01 PM codeu.chat.server.Server$1 run
INFO: Reading update from relay...
Apr 18, 2017 4:58:06 PM codeu.chat.server.Server$1 run
INFO: Reading update from relay...
Apr 18, 2017 4:58:11 PM codeu.chat.server.Server$1 run
INFO: Reading update from relay...
Apr 18, 2017 4:58:16 PM codeu.chat.server.Server$1 run
INFO: Reading update from relay...
Apr 18, 2017 4:58:21 PM codeu.chat.server.Server$1 run
INFO: Reading update from relay...
Apr 18, 2017 4:58:26 PM codeu.chat.server.Server$1 run
INFO: Reading update from relay...
Apr 18, 2017 4:58:31 PM codeu.chat.server.Server$1 run
INFO: Reading update from relay...
Apr 18, 2017 4:58:36 PM codeu.chat.server.Server$1 run
INFO: Reading update from relay...
Apr 18, 2017 4:58:41 PM codeu.chat.server.Server$1 run
INFO: Reading update from relay...
Apr 18, 2017 4:58:46 PM codeu.chat.server.Server$1 run
INFO: Reading update from relay...
Apr 18, 2017 4:58:51 PM codeu.chat.server.Server$1 run
INFO: Reading update from relay...
Apr 18, 2017 4:58:56 PM codeu.chat.server.Server$1 run
INFO: Reading update from relay...
Apr 18, 2017 4:59:01 PM codeu.chat.server.Server$1 run
INFO: Reading update from relay...
Apr 18, 2017 4:59:06 PM codeu.chat.server.Server$1 run
INFO: Reading update from relay...
Apr 18, 2017 4:59:11 PM codeu.chat.server.Server$1 run
INFO: Reading update from relay...
Apr 18, 2017 4:59:16 PM codeu.chat.server.Server$1 run
INFO: Reading update from relay...
Apr 18, 2017 4:59:21 PM codeu.chat.server.Server$1 run
INFO: Reading update from relay...
Apr 18, 2017 4:59:26 PM codeu.chat.server.Server$1 run
INFO: Reading update from relay...
Apr 18, 2017 4:59:31 PM codeu.chat.server.Server$1 run
INFO: Reading update from relay...
Apr 18, 2017 4:59:36 PM codeu.chat.server.Server$1 run
INFO: Reading update from relay...
Apr 18, 2017 4:59:41 PM codeu.chat.server.Server$1 run
INFO: Reading update from relay...
Apr 18, 2017 4:59:46 PM codeu.chat.server.Server$1 run
INFO: Reading update from relay...
Apr 18, 2017 4:59:51 PM codeu.chat.server.Server$1 run
INFO: Reading update from relay...
Apr 18, 2017 4:59:56 PM codeu.chat.server.Server$1 run
INFO: Reading update from relay...
Apr 18, 2017 5:00:01 PM codeu.chat.server.Server$1 run
INFO: Reading update from relay...
Apr 18, 2017 5:00:06 PM codeu.chat.server.Server$1 run
INFO: Reading update from relay...
Apr 18, 2017 5:00:11 PM codeu.chat.server.Server$1 run
INFO: Reading update from relay...
Apr 18, 2017 5:00:16 PM codeu.chat.server.Server$1 run
INFO: Reading update from relay...
Apr 18, 2017 5:00:21 PM codeu.chat.server.Server$1 run
INFO: Reading update from relay...
Apr 18, 2017 5:00:26 PM codeu.chat.server.Server$1 run
INFO: Reading update from relay...
Apr 18, 2017 5:00:31 PM codeu.chat.server.Server$1 run
INFO: Reading update from relay...
Apr 18, 2017 5:00:36 PM codeu.chat.server.Server$1 run
INFO: Reading update from relay...
Apr 18, 2017 5:00:41 PM codeu.chat.server.Server$1 run
INFO: Reading update from relay...
Apr 18, 2017 5:00:46 PM codeu.chat.server.Server$1 run
INFO: Reading update from relay...
Apr 18, 2017 5:00:51 PM codeu.chat.server.Server$1 run
INFO: Reading update from relay...
Apr 18, 2017 5:00:56 PM codeu.chat.server.Server$1 run
INFO: Reading update from relay...
Apr 18, 2017 5:01:01 PM codeu.chat.server.Server$1 run
INFO: Reading update from relay...
Apr 18, 2017 5:01:06 PM codeu.chat.server.Server$1 run
INFO: Reading update from relay...
Apr 18, 2017 5:01:11 PM codeu.chat.server.Server$1 run
INFO: Reading update from relay...
Apr 18, 2017 5:01:16 PM codeu.chat.server.Server$1 run
INFO: Reading update from relay...
Apr 18, 2017 5:01:21 PM codeu.chat.server.Server$1 run
INFO: Reading update from relay...
Apr 18, 2017 5:01:26 PM codeu.chat.server.Server$1 run
INFO: Reading update from relay...
Apr 18, 2017 5:01:31 PM codeu.chat.server.Server$1 run
INFO: Reading update from relay...
Apr 18, 2017 5:01:36 PM codeu.chat.server.Server$1 run
INFO: Reading update from relay...
Apr 18, 2017 5:01:41 PM codeu.chat.server.Server$1 run
INFO: Reading update from relay...
Apr 18, 2017 5:01:46 PM codeu.chat.server.Server$1 run
INFO: Reading update from relay...
Apr 18, 2017 5:01:51 PM codeu.chat.server.Server$1 run
INFO: Reading update from relay...
Apr 18, 2017 5:01:56 PM codeu.chat.server.Server$1 run
INFO: Reading update from relay...
Apr 18, 2017 5:02:01 PM codeu.chat.server.Server$1 run
INFO: Reading update from relay...
Apr 18, 2017 5:02:06 PM codeu.chat.server.Server$1 run
INFO: Reading update from relay...
Apr 18, 2017 5:02:11 PM codeu.chat.server.Server$1 run
INFO: Reading update from relay...
Apr 18, 2017 5:02:16 PM codeu.chat.server.Server$1 run
INFO: Reading update from relay...
Apr 18, 2017 5:02:21 PM codeu.chat.server.Server$1 run
INFO: Reading update from relay...
Apr 18, 2017 5:02:26 PM codeu.chat.server.Server$1 run
INFO: Reading update from relay...
Apr 18, 2017 5:02:31 PM codeu.chat.server.Server$1 run
INFO: Reading update from relay...
Apr 18, 2017 5:02:36 PM codeu.chat.server.Server$1 run
INFO: Reading update from relay...
Apr 18, 2017 5:02:41 PM codeu.chat.server.Server$1 run
INFO: Reading update from relay...
Apr 18, 2017 5:02:46 PM codeu.chat.server.Server$1 run
INFO: Reading update from relay...
Apr 18, 2017 5:02:51 PM codeu.chat.server.Server$1 run
INFO: Reading update from relay...
Apr 18, 2017 5:02:56 PM codeu.chat.server.Server$1 run
INFO: Reading update from relay...
Apr 18, 2017 5:03:01 PM codeu.chat.server.Server$1 run
INFO: Reading update from relay...
Apr 18, 2017 5:03:06 PM codeu.chat.server.Server$1 run
INFO: Reading update from relay...
Apr 18, 2017 5:03:11 PM codeu.chat.server.Server$1 run
INFO: Reading update from relay...
Apr 18, 2017 5:03:16 PM codeu.chat.server.Server$1 run
INFO: Reading update from relay...
Apr 18, 2017 5:03:21 PM codeu.chat.server.Server$1 run
INFO: Reading update from relay...
Apr 18, 2017 5:03:26 PM codeu.chat.server.Server$1 run
INFO: Reading update from relay...
Apr 18, 2017 5:03:31 PM codeu.chat.server.Server$1 run
INFO: Reading update from relay...
Apr 18, 2017 5:03:36 PM codeu.chat.server.Server$1 run
INFO: Reading update from relay...
Apr 18, 2017 5:03:41 PM codeu.chat.server.Server$1 run
INFO: Reading update from relay...
Apr 18, 2017 5:03:46 PM codeu.chat.server.Server$1 run
INFO: Reading update from relay...
Apr 18, 2017 5:03:51 PM codeu.chat.server.Server$1 run
INFO: Reading update from relay...
Apr 18, 2017 5:03:56 PM codeu.chat.server.Server$1 run
INFO: Reading update from relay...
Apr 18, 2017 5:04:01 PM codeu.chat.server.Server$1 run
INFO: Reading update from relay...
Apr 18, 2017 5:04:06 PM codeu.chat.server.Server$1 run
INFO: Reading update from relay...
Apr 18, 2017 5:04:11 PM codeu.chat.server.Server$1 run
INFO: Reading update from relay...
Apr 18, 2017 5:04:16 PM codeu.chat.server.Server$1 run
INFO: Reading update from relay...
Apr 18, 2017 5:04:21 PM codeu.chat.server.Server$1 run
INFO: Reading update from relay...
Apr 18, 2017 5:04:26 PM codeu.chat.server.Server$1 run
INFO: Reading update from relay...
Apr 18, 2017 5:04:31 PM codeu.chat.server.Server$1 run
INFO: Reading update from relay...
Apr 18, 2017 5:04:36 PM codeu.chat.server.Server$1 run
INFO: Reading update from relay...
Apr 18, 2017 5:04:41 PM codeu.chat.server.Server$1 run
INFO: Reading update from relay...
Apr 18, 2017 5:04:46 PM codeu.chat.server.Server$1 run
INFO: Reading update from relay...
Apr 18, 2017 5:04:51 PM codeu.chat.server.Server$1 run
INFO: Reading update from relay...
Apr 18, 2017 5:04:56 PM codeu.chat.server.Server$1 run
INFO: Reading update from relay...
Apr 18, 2017 5:05:01 PM codeu.chat.server.Server$1 run
INFO: Reading update from relay...
Apr 18, 2017 5:05:06 PM codeu.chat.server.Server$1 run
INFO: Reading update from relay...
Apr 18, 2017 5:05:11 PM codeu.chat.server.Server$1 run
INFO: Reading update from relay...
Apr 18, 2017 5:05:16 PM codeu.chat.server.Server$1 run
INFO: Reading update from relay...
Apr 18, 2017 5:05:21 PM codeu.chat.server.Server$1 run
INFO: Reading update from relay...
Apr 18, 2017 5:05:26 PM codeu.chat.server.Server$1 run
INFO: Reading update from relay...
Apr 18, 2017 5:05:31 PM codeu.chat.server.Server$1 run
INFO: Reading update from relay...
Apr 18, 2017 5:05:36 PM codeu.chat.server.Server$1 run
INFO: Reading update from relay...
Apr 18, 2017 5:05:41 PM codeu.chat.server.Server$1 run
INFO: Reading update from relay...
Apr 18, 2017 5:05:46 PM codeu.chat.server.Server$1 run
INFO: Reading update from relay...
Apr 18, 2017 5:07:12 PM codeu.chat.server.Server$1 run
INFO: Reading update from relay...
Apr 18, 2017 5:07:17 PM codeu.chat.server.Server$1 run
INFO: Reading update from relay...
Apr 18, 2017 5:07:22 PM codeu.chat.server.Server$1 run
INFO: Reading update from relay...
Apr 18, 2017 5:07:27 PM codeu.chat.server.Server$1 run
INFO: Reading update from relay...
Apr 18, 2017 5:07:32 PM codeu.chat.server.Server$1 run
INFO: Reading update from relay...
Apr 18, 2017 5:07:37 PM codeu.chat.server.Server$1 run
INFO: Reading update from relay...
Apr 18, 2017 5:07:42 PM codeu.chat.server.Server$1 run
INFO: Reading update from relay...
Apr 18, 2017 5:07:47 PM codeu.chat.server.Server$1 run
INFO: Reading update from relay...
Apr 18, 2017 5:07:52 PM codeu.chat.server.Server$1 run
INFO: Reading update from relay...
Apr 18, 2017 5:07:57 PM codeu.chat.server.Server$1 run
INFO: Reading update from relay...
Apr 18, 2017 5:08:02 PM codeu.chat.server.Server$1 run
INFO: Reading update from relay...
Apr 18, 2017 5:08:07 PM codeu.chat.server.Server$1 run
INFO: Reading update from relay...
Apr 18, 2017 5:08:12 PM codeu.chat.server.Server$1 run
INFO: Reading update from relay...
Apr 18, 2017 5:08:17 PM codeu.chat.server.Server$1 run
INFO: Reading update from relay...
Apr 18, 2017 5:08:22 PM codeu.chat.server.Server$1 run
INFO: Reading update from relay...
Apr 18, 2017 5:08:27 PM codeu.chat.server.Server$1 run
INFO: Reading update from relay...
Apr 18, 2017 5:08:32 PM codeu.chat.server.Server$1 run
INFO: Reading update from relay...
Apr 18, 2017 5:08:37 PM codeu.chat.server.Server$1 run
INFO: Reading update from relay...
Apr 18, 2017 5:08:42 PM codeu.chat.server.Server$1 run
INFO: Reading update from relay...
Apr 18, 2017 5:08:47 PM codeu.chat.server.Server$1 run
INFO: Reading update from relay...
Apr 18, 2017 5:08:52 PM codeu.chat.server.Server$1 run
INFO: Reading update from relay...
Apr 18, 2017 5:08:57 PM codeu.chat.server.Server$1 run
INFO: Reading update from relay...
Apr 18, 2017 5:09:02 PM codeu.chat.server.Server$1 run
INFO: Reading update from relay...
Apr 18, 2017 5:09:07 PM codeu.chat.server.Server$1 run
INFO: Reading update from relay...
Apr 18, 2017 5:09:12 PM codeu.chat.server.Server$1 run
INFO: Reading update from relay...
Apr 18, 2017 5:09:17 PM codeu.chat.server.Server$1 run
INFO: Reading update from relay...
Apr 18, 2017 5:09:22 PM codeu.chat.server.Server$1 run
INFO: Reading update from relay...
Apr 18, 2017 5:09:27 PM codeu.chat.server.Server$1 run
INFO: Reading update from relay...
Apr 18, 2017 5:09:32 PM codeu.chat.server.Server$1 run
INFO: Reading update from relay...
Apr 18, 2017 5:09:37 PM codeu.chat.server.Server$1 run
INFO: Reading update from relay...
Apr 18, 2017 5:09:42 PM codeu.chat.server.Server$1 run
INFO: Reading update from relay...
Apr 18, 2017 5:09:47 PM codeu.chat.server.Server$1 run
INFO: Reading update from relay...
Apr 18, 2017 5:09:52 PM codeu.chat.server.Server$1 run
INFO: Reading update from relay...
Apr 18, 2017 5:09:57 PM codeu.chat.server.Server$1 run
INFO: Reading update from relay...
Apr 18, 2017 5:10:02 PM codeu.chat.server.Server$1 run
INFO: Reading update from relay...
Apr 18, 2017 5:10:07 PM codeu.chat.server.Server$1 run
INFO: Reading update from relay...
Apr 18, 2017 5:10:12 PM codeu.chat.server.Server$1 run
INFO: Reading update from relay...
Apr 18, 2017 5:10:17 PM codeu.chat.server.Server$1 run
INFO: Reading update from relay...
Apr 18, 2017 5:10:22 PM codeu.chat.server.Server$1 run
INFO: Reading update from relay...
Apr 18, 2017 5:10:27 PM codeu.chat.server.Server$1 run
INFO: Reading update from relay...
Apr 18, 2017 5:10:32 PM codeu.chat.server.Server$1 run
INFO: Reading update from relay...
Apr 18, 2017 5:10:37 PM codeu.chat.server.Server$1 run
INFO: Reading update from relay...
Apr 18, 2017 5:10:42 PM codeu.chat.server.Server$1 run
INFO: Reading update from relay...
Apr 18, 2017 5:10:47 PM codeu.chat.server.Server$1 run
INFO: Reading update from relay...
Apr 18, 2017 5:10:52 PM codeu.chat.server.Server$1 run
INFO: Reading update from relay...
Apr 18, 2017 5:10:57 PM codeu.chat.server.Server$1 run
INFO: Reading update from relay...
Apr 18, 2017 5:11:02 PM codeu.chat.server.Server$1 run
INFO: Reading update from relay...
Apr 18, 2017 5:11:07 PM codeu.chat.server.Server$1 run
INFO: Reading update from relay...
Apr 18, 2017 5:11:12 PM codeu.chat.server.Server$1 run
INFO: Reading update from relay...
Apr 18, 2017 5:11:17 PM codeu.chat.server.Server$1 run
INFO: Reading update from relay...
Apr 18, 2017 5:11:22 PM codeu.chat.server.Server$1 run
INFO: Reading update from relay...
Apr 18, 2017 5:11:27 PM codeu.chat.server.Server$1 run
INFO: Reading update from relay...
Apr 18, 2017 5:11:32 PM codeu.chat.server.Server$1 run
INFO: Reading update from relay...
Apr 18, 2017 5:11:37 PM codeu.chat.server.Server$1 run
INFO: Reading update from relay...
Apr 18, 2017 5:11:42 PM codeu.chat.server.Server$1 run
INFO: Reading update from relay...
Apr 18, 2017 5:11:47 PM codeu.chat.server.Server$1 run
INFO: Reading update from relay...
Apr 18, 2017 5:11:52 PM codeu.chat.server.Server$1 run
INFO: Reading update from relay...
Apr 18, 2017 5:11:57 PM codeu.chat.server.Server$1 run
INFO: Reading update from relay...
Apr 18, 2017 5:12:02 PM codeu.chat.server.Server$1 run
INFO: Reading update from relay...
Apr 18, 2017 5:12:07 PM codeu.chat.server.Server$1 run
INFO: Reading update from relay...
Apr 18, 2017 5:12:12 PM codeu.chat.server.Server$1 run
INFO: Reading update from relay...
Apr 18, 2017 5:12:17 PM codeu.chat.server.Server$1 run
INFO: Reading update from relay...
Apr 18, 2017 5:12:22 PM codeu.chat.server.Server$1 run
INFO: Reading update from relay...
Apr 18, 2017 5:12:27 PM codeu.chat.server.Server$1 run
INFO: Reading update from relay...
Apr 18, 2017 5:12:32 PM codeu.chat.server.Server$1 run
INFO: Reading update from relay...
Apr 18, 2017 5:12:37 PM codeu.chat.server.Server$1 run
INFO: Reading update from relay...
Apr 18, 2017 5:12:42 PM codeu.chat.server.Server$1 run
INFO: Reading update from relay...
Apr 18, 2017 5:12:47 PM codeu.chat.server.Server$1 run
INFO: Reading update from relay...
Apr 18, 2017 5:12:52 PM codeu.chat.server.Server$1 run
INFO: Reading update from relay...
Apr 18, 2017 5:15:40 PM codeu.chat.ServerMain main
INFO: ============================= START OF LOG =============================
Apr 18, 2017 5:15:40 PM codeu.chat.ServerMain main
INFO: Starting server...
Apr 18, 2017 5:15:40 PM codeu.chat.ServerMain runServer
INFO: Created server.
Apr 18, 2017 5:15:40 PM codeu.chat.server.Server$1 run
INFO: Reading update from relay...
Apr 18, 2017 5:15:40 PM codeu.chat.ServerMain runServer
INFO: Established connection...
Apr 18, 2017 5:15:43 PM codeu.chat.ServerMain runServer
INFO: Connection established.
Apr 18, 2017 5:15:43 PM codeu.chat.ServerMain runServer
INFO: Established connection...
Apr 18, 2017 5:15:43 PM codeu.chat.server.Server$2 run
INFO: Handling connection...
Apr 18, 2017 5:15:43 PM codeu.chat.server.Server$2 run
INFO: Connection handled: ACCEPTED
Apr 18, 2017 5:15:43 PM codeu.chat.ServerMain runServer
INFO: Connection established.
Apr 18, 2017 5:15:43 PM codeu.chat.ServerMain runServer
INFO: Established connection...
Apr 18, 2017 5:15:43 PM codeu.chat.server.Server$2 run
INFO: Handling connection...
Apr 18, 2017 5:15:43 PM codeu.chat.server.Server$2 run
INFO: Connection handled: ACCEPTED
Apr 18, 2017 5:15:45 PM codeu.chat.server.Server$1 run
INFO: Reading update from relay...
Apr 18, 2017 5:15:59 PM codeu.chat.ServerMain main
INFO: ============================= START OF LOG =============================
Apr 18, 2017 5:15:59 PM codeu.chat.ServerMain main
INFO: Starting server...
Apr 18, 2017 5:15:59 PM codeu.chat.ServerMain runServer
INFO: Created server.
Apr 18, 2017 5:15:59 PM codeu.chat.server.Server$1 run
INFO: Reading update from relay...
Apr 18, 2017 5:15:59 PM codeu.chat.ServerMain runServer
INFO: Established connection...
Apr 18, 2017 5:16:04 PM codeu.chat.server.Server$1 run
INFO: Reading update from relay...
Apr 18, 2017 5:16:06 PM codeu.chat.ServerMain runServer
INFO: Connection established.
Apr 18, 2017 5:16:06 PM codeu.chat.ServerMain runServer
INFO: Established connection...
Apr 18, 2017 5:16:06 PM codeu.chat.server.Server$2 run
INFO: Handling connection...
Apr 18, 2017 5:16:06 PM codeu.chat.server.Server$2 run
INFO: Connection handled: ACCEPTED
Apr 18, 2017 5:16:06 PM codeu.chat.ServerMain runServer
INFO: Connection established.
Apr 18, 2017 5:16:06 PM codeu.chat.ServerMain runServer
INFO: Established connection...
Apr 18, 2017 5:16:06 PM codeu.chat.server.Server$2 run
INFO: Handling connection...
Apr 18, 2017 5:16:06 PM codeu.chat.server.Server$2 run
INFO: Connection handled: ACCEPTED
Apr 18, 2017 5:16:09 PM codeu.chat.server.Server$1 run
INFO: Reading update from relay...
Apr 18, 2017 5:16:14 PM codeu.chat.server.Server$1 run
INFO: Reading update from relay...
Apr 18, 2017 5:16:16 PM codeu.chat.ServerMain runServer
INFO: Connection established.
Apr 18, 2017 5:16:16 PM codeu.chat.ServerMain runServer
INFO: Established connection...
Apr 18, 2017 5:16:16 PM codeu.chat.server.Server$2 run
INFO: Handling connection...
Apr 18, 2017 5:16:16 PM codeu.chat.server.Controller newUser
INFO: Server making new user Sona with password Status, status Password
Apr 18, 2017 5:16:16 PM codeu.chat.server.Controller newUser
INFO: newUser success (user.id=[UUID:100.101.2279427147] user.name=Sona user.password=Status user.time=18-Apr-2017 17:16:16.494)
Apr 18, 2017 5:16:16 PM codeu.chat.server.Server$2 run
INFO: Connection handled: ACCEPTED
Apr 18, 2017 5:16:16 PM codeu.chat.ServerMain runServer
INFO: Connection established.
Apr 18, 2017 5:16:16 PM codeu.chat.ServerMain runServer
INFO: Established connection...
Apr 18, 2017 5:16:16 PM codeu.chat.server.Server$2 run
INFO: Handling connection...
Apr 18, 2017 5:16:16 PM codeu.chat.server.View getUsersExcluding
INFO: Sona
Apr 18, 2017 5:16:16 PM codeu.chat.server.Server$2 run
INFO: Connection handled: ACCEPTED
Apr 18, 2017 5:16:16 PM codeu.chat.ServerMain runServer
INFO: Connection established.
Apr 18, 2017 5:16:16 PM codeu.chat.ServerMain runServer
INFO: Established connection...
Apr 18, 2017 5:16:16 PM codeu.chat.server.Server$2 run
INFO: Handling connection...
Apr 18, 2017 5:16:16 PM codeu.chat.server.View getUsersExcluding
INFO: Sona
Apr 18, 2017 5:16:16 PM codeu.chat.server.Server$2 run
INFO: Connection handled: ACCEPTED
Apr 18, 2017 5:16:19 PM codeu.chat.server.Server$1 run
INFO: Reading update from relay...
Apr 18, 2017 5:16:24 PM codeu.chat.ServerMain runServer
INFO: Connection established.
Apr 18, 2017 5:16:24 PM codeu.chat.ServerMain runServer
INFO: Established connection...
Apr 18, 2017 5:16:24 PM codeu.chat.server.Server$2 run
INFO: Handling connection...
Apr 18, 2017 5:16:24 PM codeu.chat.server.Server$2 run
INFO: Connection handled: ACCEPTED
Apr 18, 2017 5:16:24 PM codeu.chat.server.Server$1 run
INFO: Reading update from relay...
Apr 18, 2017 5:16:29 PM codeu.chat.server.Server$1 run
INFO: Reading update from relay...
Apr 18, 2017 5:16:34 PM codeu.chat.server.Server$1 run
INFO: Reading update from relay...
Apr 18, 2017 5:16:39 PM codeu.chat.server.Server$1 run
INFO: Reading update from relay...
Apr 18, 2017 5:16:44 PM codeu.chat.server.Server$1 run
INFO: Reading update from relay...
Apr 18, 2017 5:16:49 PM codeu.chat.server.Server$1 run
INFO: Reading update from relay...
Apr 18, 2017 5:16:54 PM codeu.chat.server.Server$1 run
INFO: Reading update from relay...
Apr 18, 2017 5:16:59 PM codeu.chat.server.Server$1 run
INFO: Reading update from relay...
Apr 18, 2017 5:17:04 PM codeu.chat.server.Server$1 run
INFO: Reading update from relay...
Apr 18, 2017 5:17:09 PM codeu.chat.server.Server$1 run
INFO: Reading update from relay...
Apr 18, 2017 5:17:14 PM codeu.chat.server.Server$1 run
INFO: Reading update from relay...
Apr 18, 2017 5:17:19 PM codeu.chat.server.Server$1 run
INFO: Reading update from relay...
Apr 18, 2017 5:17:24 PM codeu.chat.server.Server$1 run
INFO: Reading update from relay...
Apr 18, 2017 5:17:29 PM codeu.chat.server.Server$1 run
INFO: Reading update from relay...
Apr 18, 2017 5:17:34 PM codeu.chat.server.Server$1 run
INFO: Reading update from relay...
Apr 18, 2017 5:17:39 PM codeu.chat.server.Server$1 run
INFO: Reading update from relay...
Apr 18, 2017 5:17:44 PM codeu.chat.server.Server$1 run
INFO: Reading update from relay...
Apr 18, 2017 5:17:49 PM codeu.chat.server.Server$1 run
INFO: Reading update from relay...
Apr 18, 2017 5:17:54 PM codeu.chat.server.Server$1 run
INFO: Reading update from relay...
Apr 18, 2017 5:17:59 PM codeu.chat.server.Server$1 run
INFO: Reading update from relay...
Apr 18, 2017 5:18:04 PM codeu.chat.server.Server$1 run
INFO: Reading update from relay...
Apr 18, 2017 5:18:09 PM codeu.chat.server.Server$1 run
INFO: Reading update from relay...
Apr 18, 2017 5:18:14 PM codeu.chat.server.Server$1 run
INFO: Reading update from relay...
Apr 18, 2017 5:18:19 PM codeu.chat.server.Server$1 run
INFO: Reading update from relay...
Apr 18, 2017 5:18:24 PM codeu.chat.server.Server$1 run
INFO: Reading update from relay...
Apr 18, 2017 5:18:29 PM codeu.chat.server.Server$1 run
INFO: Reading update from relay...
Apr 18, 2017 5:18:34 PM codeu.chat.server.Server$1 run
INFO: Reading update from relay...
Apr 18, 2017 5:18:39 PM codeu.chat.server.Server$1 run
INFO: Reading update from relay...
Apr 18, 2017 5:18:44 PM codeu.chat.server.Server$1 run
INFO: Reading update from relay...
Apr 18, 2017 5:18:49 PM codeu.chat.server.Server$1 run
INFO: Reading update from relay...
Apr 18, 2017 5:18:54 PM codeu.chat.server.Server$1 run
INFO: Reading update from relay...
Apr 18, 2017 5:18:59 PM codeu.chat.server.Server$1 run
INFO: Reading update from relay...
Apr 18, 2017 5:19:04 PM codeu.chat.server.Server$1 run
INFO: Reading update from relay...
Apr 18, 2017 5:19:09 PM codeu.chat.server.Server$1 run
INFO: Reading update from relay...
Apr 18, 2017 5:19:14 PM codeu.chat.server.Server$1 run
INFO: Reading update from relay...
Apr 18, 2017 5:19:19 PM codeu.chat.server.Server$1 run
INFO: Reading update from relay...
Apr 18, 2017 5:19:24 PM codeu.chat.server.Server$1 run
INFO: Reading update from relay...
Apr 18, 2017 5:19:29 PM codeu.chat.server.Server$1 run
INFO: Reading update from relay...
Apr 18, 2017 5:19:34 PM codeu.chat.server.Server$1 run
INFO: Reading update from relay...
Apr 18, 2017 5:19:39 PM codeu.chat.server.Server$1 run
INFO: Reading update from relay...
Apr 18, 2017 5:19:44 PM codeu.chat.server.Server$1 run
INFO: Reading update from relay...
Apr 18, 2017 5:19:49 PM codeu.chat.server.Server$1 run
INFO: Reading update from relay...
Apr 18, 2017 5:19:54 PM codeu.chat.server.Server$1 run
INFO: Reading update from relay...
Apr 18, 2017 5:19:59 PM codeu.chat.server.Server$1 run
INFO: Reading update from relay...
Apr 18, 2017 5:20:04 PM codeu.chat.server.Server$1 run
INFO: Reading update from relay...
Apr 18, 2017 5:20:09 PM codeu.chat.server.Server$1 run
INFO: Reading update from relay...
Apr 18, 2017 5:20:14 PM codeu.chat.server.Server$1 run
INFO: Reading update from relay...
Apr 18, 2017 5:20:19 PM codeu.chat.server.Server$1 run
INFO: Reading update from relay...
Apr 18, 2017 5:20:24 PM codeu.chat.server.Server$1 run
INFO: Reading update from relay...
Apr 18, 2017 5:20:29 PM codeu.chat.server.Server$1 run
INFO: Reading update from relay...
Apr 18, 2017 5:20:34 PM codeu.chat.server.Server$1 run
INFO: Reading update from relay...
Apr 18, 2017 5:20:39 PM codeu.chat.server.Server$1 run
INFO: Reading update from relay...
Apr 18, 2017 5:20:44 PM codeu.chat.server.Server$1 run
INFO: Reading update from relay...
Apr 18, 2017 5:20:49 PM codeu.chat.server.Server$1 run
INFO: Reading update from relay...
Apr 18, 2017 5:20:54 PM codeu.chat.server.Server$1 run
INFO: Reading update from relay...
Apr 18, 2017 5:20:59 PM codeu.chat.server.Server$1 run
INFO: Reading update from relay...
Apr 18, 2017 5:21:04 PM codeu.chat.server.Server$1 run
INFO: Reading update from relay...
Apr 18, 2017 5:21:09 PM codeu.chat.server.Server$1 run
INFO: Reading update from relay...
Apr 18, 2017 5:21:14 PM codeu.chat.server.Server$1 run
INFO: Reading update from relay...
Apr 18, 2017 5:21:19 PM codeu.chat.server.Server$1 run
INFO: Reading update from relay...
Apr 18, 2017 5:21:24 PM codeu.chat.server.Server$1 run
INFO: Reading update from relay...
Apr 18, 2017 5:21:29 PM codeu.chat.server.Server$1 run
INFO: Reading update from relay...
Apr 18, 2017 5:21:35 PM codeu.chat.server.Server$1 run
INFO: Reading update from relay...
Apr 18, 2017 5:21:40 PM codeu.chat.server.Server$1 run
INFO: Reading update from relay...
Apr 18, 2017 5:21:45 PM codeu.chat.server.Server$1 run
INFO: Reading update from relay...
Apr 18, 2017 5:21:50 PM codeu.chat.server.Server$1 run
INFO: Reading update from relay...
Apr 18, 2017 5:21:55 PM codeu.chat.server.Server$1 run
INFO: Reading update from relay...
Apr 18, 2017 5:22:00 PM codeu.chat.server.Server$1 run
INFO: Reading update from relay...
Apr 18, 2017 5:22:05 PM codeu.chat.server.Server$1 run
INFO: Reading update from relay...
Apr 18, 2017 5:22:10 PM codeu.chat.server.Server$1 run
INFO: Reading update from relay...
Apr 18, 2017 5:22:15 PM codeu.chat.server.Server$1 run
INFO: Reading update from relay...
Apr 18, 2017 5:22:20 PM codeu.chat.server.Server$1 run
INFO: Reading update from relay...
Apr 18, 2017 5:22:25 PM codeu.chat.server.Server$1 run
INFO: Reading update from relay...
Apr 18, 2017 5:22:30 PM codeu.chat.server.Server$1 run
INFO: Reading update from relay...
Apr 18, 2017 5:22:35 PM codeu.chat.server.Server$1 run
INFO: Reading update from relay...
Apr 18, 2017 5:22:40 PM codeu.chat.server.Server$1 run
INFO: Reading update from relay...
Apr 18, 2017 5:22:45 PM codeu.chat.server.Server$1 run
INFO: Reading update from relay...
Apr 18, 2017 5:22:50 PM codeu.chat.server.Server$1 run
INFO: Reading update from relay...
Apr 18, 2017 5:22:55 PM codeu.chat.server.Server$1 run
INFO: Reading update from relay...
Apr 18, 2017 5:23:00 PM codeu.chat.server.Server$1 run
INFO: Reading update from relay...
Apr 18, 2017 5:23:05 PM codeu.chat.server.Server$1 run
INFO: Reading update from relay...
Apr 18, 2017 5:23:10 PM codeu.chat.server.Server$1 run
INFO: Reading update from relay...
Apr 18, 2017 5:23:15 PM codeu.chat.server.Server$1 run
INFO: Reading update from relay...
Apr 18, 2017 5:23:20 PM codeu.chat.server.Server$1 run
INFO: Reading update from relay...
Apr 18, 2017 5:23:25 PM codeu.chat.server.Server$1 run
INFO: Reading update from relay...
Apr 18, 2017 5:23:30 PM codeu.chat.server.Server$1 run
INFO: Reading update from relay...
Apr 18, 2017 5:23:35 PM codeu.chat.server.Server$1 run
INFO: Reading update from relay...
Apr 18, 2017 5:23:40 PM codeu.chat.server.Server$1 run
INFO: Reading update from relay...
Apr 18, 2017 5:23:45 PM codeu.chat.server.Server$1 run
INFO: Reading update from relay...
Apr 18, 2017 5:23:50 PM codeu.chat.server.Server$1 run
INFO: Reading update from relay...
Apr 18, 2017 5:23:55 PM codeu.chat.server.Server$1 run
INFO: Reading update from relay...
Apr 18, 2017 5:24:00 PM codeu.chat.server.Server$1 run
INFO: Reading update from relay...
Apr 18, 2017 5:24:05 PM codeu.chat.server.Server$1 run
INFO: Reading update from relay...
Apr 18, 2017 5:24:10 PM codeu.chat.server.Server$1 run
INFO: Reading update from relay...
Apr 18, 2017 5:24:15 PM codeu.chat.server.Server$1 run
INFO: Reading update from relay...
Apr 18, 2017 5:24:20 PM codeu.chat.server.Server$1 run
INFO: Reading update from relay...
Apr 18, 2017 5:24:25 PM codeu.chat.server.Server$1 run
INFO: Reading update from relay...
Apr 18, 2017 5:24:30 PM codeu.chat.server.Server$1 run
INFO: Reading update from relay...
Apr 18, 2017 5:24:35 PM codeu.chat.server.Server$1 run
INFO: Reading update from relay...
Apr 18, 2017 5:24:40 PM codeu.chat.server.Server$1 run
INFO: Reading update from relay...
Apr 18, 2017 5:24:45 PM codeu.chat.server.Server$1 run
INFO: Reading update from relay...
Apr 18, 2017 5:24:50 PM codeu.chat.server.Server$1 run
INFO: Reading update from relay...
Apr 18, 2017 5:24:55 PM codeu.chat.server.Server$1 run
INFO: Reading update from relay...
Apr 18, 2017 5:25:00 PM codeu.chat.server.Server$1 run
INFO: Reading update from relay...
Apr 18, 2017 5:25:05 PM codeu.chat.server.Server$1 run
INFO: Reading update from relay...
Apr 18, 2017 5:25:10 PM codeu.chat.server.Server$1 run
INFO: Reading update from relay...
Apr 18, 2017 5:25:15 PM codeu.chat.server.Server$1 run
INFO: Reading update from relay...
Apr 18, 2017 5:25:20 PM codeu.chat.server.Server$1 run
INFO: Reading update from relay...
Apr 18, 2017 5:25:25 PM codeu.chat.server.Server$1 run
INFO: Reading update from relay...
Apr 18, 2017 5:25:30 PM codeu.chat.server.Server$1 run
INFO: Reading update from relay...
Apr 18, 2017 5:25:35 PM codeu.chat.server.Server$1 run
INFO: Reading update from relay...
Apr 18, 2017 5:25:40 PM codeu.chat.server.Server$1 run
INFO: Reading update from relay...
Apr 18, 2017 5:25:45 PM codeu.chat.server.Server$1 run
INFO: Reading update from relay...
Apr 18, 2017 5:25:50 PM codeu.chat.server.Server$1 run
INFO: Reading update from relay...
Apr 18, 2017 5:25:55 PM codeu.chat.server.Server$1 run
INFO: Reading update from relay...
Apr 18, 2017 5:26:00 PM codeu.chat.server.Server$1 run
INFO: Reading update from relay...
Apr 18, 2017 5:26:05 PM codeu.chat.server.Server$1 run
INFO: Reading update from relay...
Apr 18, 2017 5:26:10 PM codeu.chat.server.Server$1 run
INFO: Reading update from relay...
Apr 18, 2017 5:26:15 PM codeu.chat.server.Server$1 run
INFO: Reading update from relay...
Apr 18, 2017 5:26:20 PM codeu.chat.server.Server$1 run
INFO: Reading update from relay...
Apr 18, 2017 5:26:25 PM codeu.chat.server.Server$1 run
INFO: Reading update from relay...
Apr 18, 2017 5:26:30 PM codeu.chat.server.Server$1 run
INFO: Reading update from relay...
Apr 18, 2017 5:26:35 PM codeu.chat.server.Server$1 run
INFO: Reading update from relay...
Apr 18, 2017 5:26:40 PM codeu.chat.server.Server$1 run
INFO: Reading update from relay...
Apr 18, 2017 5:26:45 PM codeu.chat.server.Server$1 run
INFO: Reading update from relay...
Apr 18, 2017 5:26:50 PM codeu.chat.server.Server$1 run
INFO: Reading update from relay...
Apr 18, 2017 5:26:55 PM codeu.chat.server.Server$1 run
INFO: Reading update from relay...
Apr 18, 2017 5:27:00 PM codeu.chat.server.Server$1 run
INFO: Reading update from relay...
Apr 18, 2017 5:27:05 PM codeu.chat.server.Server$1 run
INFO: Reading update from relay...
Apr 18, 2017 5:27:10 PM codeu.chat.server.Server$1 run
INFO: Reading update from relay...
Apr 18, 2017 5:27:15 PM codeu.chat.server.Server$1 run
INFO: Reading update from relay...
Apr 18, 2017 5:27:20 PM codeu.chat.server.Server$1 run
INFO: Reading update from relay...
Apr 18, 2017 5:27:25 PM codeu.chat.server.Server$1 run
INFO: Reading update from relay...
Apr 18, 2017 5:27:30 PM codeu.chat.server.Server$1 run
INFO: Reading update from relay...
Apr 18, 2017 5:27:35 PM codeu.chat.server.Server$1 run
INFO: Reading update from relay...
Apr 18, 2017 5:27:40 PM codeu.chat.server.Server$1 run
INFO: Reading update from relay...
Apr 18, 2017 5:27:45 PM codeu.chat.server.Server$1 run
INFO: Reading update from relay...
Apr 18, 2017 5:27:50 PM codeu.chat.server.Server$1 run
INFO: Reading update from relay...
Apr 18, 2017 5:27:55 PM codeu.chat.server.Server$1 run
INFO: Reading update from relay...
Apr 18, 2017 5:28:00 PM codeu.chat.server.Server$1 run
INFO: Reading update from relay...
Apr 18, 2017 5:28:05 PM codeu.chat.server.Server$1 run
INFO: Reading update from relay...
Apr 18, 2017 5:28:10 PM codeu.chat.server.Server$1 run
INFO: Reading update from relay...
Apr 18, 2017 5:28:15 PM codeu.chat.server.Server$1 run
INFO: Reading update from relay...
Apr 18, 2017 5:28:20 PM codeu.chat.server.Server$1 run
INFO: Reading update from relay...
Apr 18, 2017 5:28:25 PM codeu.chat.server.Server$1 run
INFO: Reading update from relay...
Apr 18, 2017 5:28:30 PM codeu.chat.server.Server$1 run
INFO: Reading update from relay...
Apr 18, 2017 5:28:35 PM codeu.chat.server.Server$1 run
INFO: Reading update from relay...
Apr 18, 2017 5:28:40 PM codeu.chat.server.Server$1 run
INFO: Reading update from relay...
Apr 18, 2017 5:28:45 PM codeu.chat.server.Server$1 run
INFO: Reading update from relay...
Apr 18, 2017 5:28:50 PM codeu.chat.server.Server$1 run
INFO: Reading update from relay...
Apr 18, 2017 5:28:55 PM codeu.chat.server.Server$1 run
INFO: Reading update from relay...
Apr 18, 2017 5:29:00 PM codeu.chat.server.Server$1 run
INFO: Reading update from relay...
Apr 18, 2017 5:29:05 PM codeu.chat.server.Server$1 run
INFO: Reading update from relay...
Apr 18, 2017 5:29:10 PM codeu.chat.server.Server$1 run
INFO: Reading update from relay...
Apr 18, 2017 5:29:15 PM codeu.chat.server.Server$1 run
INFO: Reading update from relay...
Apr 18, 2017 5:29:20 PM codeu.chat.server.Server$1 run
INFO: Reading update from relay...
Apr 18, 2017 5:29:25 PM codeu.chat.server.Server$1 run
INFO: Reading update from relay...
Apr 18, 2017 5:29:30 PM codeu.chat.server.Server$1 run
INFO: Reading update from relay...
Apr 18, 2017 5:29:35 PM codeu.chat.server.Server$1 run
INFO: Reading update from relay...
Apr 18, 2017 5:29:40 PM codeu.chat.server.Server$1 run
INFO: Reading update from relay...
Apr 18, 2017 5:29:45 PM codeu.chat.server.Server$1 run
INFO: Reading update from relay...
Apr 18, 2017 5:29:50 PM codeu.chat.server.Server$1 run
INFO: Reading update from relay...
Apr 18, 2017 5:29:55 PM codeu.chat.server.Server$1 run
INFO: Reading update from relay...
Apr 18, 2017 5:30:00 PM codeu.chat.server.Server$1 run
INFO: Reading update from relay...
Apr 18, 2017 5:30:05 PM codeu.chat.server.Server$1 run
INFO: Reading update from relay...
Apr 18, 2017 5:30:10 PM codeu.chat.server.Server$1 run
INFO: Reading update from relay...
Apr 18, 2017 5:30:15 PM codeu.chat.server.Server$1 run
INFO: Reading update from relay...
Apr 18, 2017 5:30:20 PM codeu.chat.server.Server$1 run
INFO: Reading update from relay...
Apr 18, 2017 5:30:25 PM codeu.chat.server.Server$1 run
INFO: Reading update from relay...
Apr 18, 2017 5:30:30 PM codeu.chat.server.Server$1 run
INFO: Reading update from relay...
Apr 18, 2017 5:30:35 PM codeu.chat.server.Server$1 run
INFO: Reading update from relay...
Apr 18, 2017 5:30:40 PM codeu.chat.server.Server$1 run
INFO: Reading update from relay...
Apr 18, 2017 5:30:45 PM codeu.chat.server.Server$1 run
INFO: Reading update from relay...
Apr 18, 2017 5:30:50 PM codeu.chat.server.Server$1 run
INFO: Reading update from relay...
Apr 18, 2017 5:30:55 PM codeu.chat.server.Server$1 run
INFO: Reading update from relay...
Apr 18, 2017 5:31:00 PM codeu.chat.server.Server$1 run
INFO: Reading update from relay...
Apr 18, 2017 5:31:05 PM codeu.chat.server.Server$1 run
INFO: Reading update from relay...
Apr 18, 2017 5:31:10 PM codeu.chat.server.Server$1 run
INFO: Reading update from relay...
Apr 18, 2017 5:31:15 PM codeu.chat.server.Server$1 run
INFO: Reading update from relay...
Apr 18, 2017 5:31:20 PM codeu.chat.server.Server$1 run
INFO: Reading update from relay...
Apr 18, 2017 5:31:25 PM codeu.chat.server.Server$1 run
INFO: Reading update from relay...
Apr 18, 2017 5:31:30 PM codeu.chat.server.Server$1 run
INFO: Reading update from relay...
Apr 18, 2017 5:31:35 PM codeu.chat.server.Server$1 run
INFO: Reading update from relay...
Apr 18, 2017 5:31:40 PM codeu.chat.server.Server$1 run
INFO: Reading update from relay...
Apr 18, 2017 5:31:45 PM codeu.chat.server.Server$1 run
INFO: Reading update from relay...
Apr 18, 2017 5:31:50 PM codeu.chat.server.Server$1 run
INFO: Reading update from relay...
Apr 18, 2017 5:31:55 PM codeu.chat.server.Server$1 run
INFO: Reading update from relay...
Apr 18, 2017 5:32:00 PM codeu.chat.server.Server$1 run
INFO: Reading update from relay...
Apr 18, 2017 5:32:05 PM codeu.chat.server.Server$1 run
INFO: Reading update from relay...
Apr 18, 2017 5:32:10 PM codeu.chat.server.Server$1 run
INFO: Reading update from relay...
Apr 18, 2017 5:32:15 PM codeu.chat.server.Server$1 run
INFO: Reading update from relay...
Apr 18, 2017 5:32:20 PM codeu.chat.server.Server$1 run
INFO: Reading update from relay...
Apr 18, 2017 5:32:25 PM codeu.chat.server.Server$1 run
INFO: Reading update from relay...
Apr 18, 2017 5:32:30 PM codeu.chat.server.Server$1 run
INFO: Reading update from relay...
Apr 18, 2017 5:32:35 PM codeu.chat.server.Server$1 run
INFO: Reading update from relay...
Apr 18, 2017 5:32:40 PM codeu.chat.server.Server$1 run
INFO: Reading update from relay...
Apr 18, 2017 5:32:45 PM codeu.chat.server.Server$1 run
INFO: Reading update from relay...
Apr 18, 2017 5:32:50 PM codeu.chat.server.Server$1 run
INFO: Reading update from relay...
Apr 18, 2017 5:32:55 PM codeu.chat.server.Server$1 run
INFO: Reading update from relay...
Apr 18, 2017 5:33:00 PM codeu.chat.server.Server$1 run
INFO: Reading update from relay...
Apr 18, 2017 5:33:05 PM codeu.chat.server.Server$1 run
INFO: Reading update from relay...
Apr 18, 2017 5:33:10 PM codeu.chat.server.Server$1 run
INFO: Reading update from relay...
Apr 18, 2017 5:33:15 PM codeu.chat.server.Server$1 run
INFO: Reading update from relay...
Apr 18, 2017 5:33:20 PM codeu.chat.server.Server$1 run
INFO: Reading update from relay...
Apr 18, 2017 5:33:25 PM codeu.chat.server.Server$1 run
INFO: Reading update from relay...
Apr 18, 2017 5:33:30 PM codeu.chat.server.Server$1 run
INFO: Reading update from relay...
Apr 18, 2017 5:33:35 PM codeu.chat.server.Server$1 run
INFO: Reading update from relay...
Apr 18, 2017 5:33:40 PM codeu.chat.server.Server$1 run
INFO: Reading update from relay...
Apr 18, 2017 5:33:45 PM codeu.chat.server.Server$1 run
INFO: Reading update from relay...
Apr 18, 2017 5:33:50 PM codeu.chat.server.Server$1 run
INFO: Reading update from relay...
Apr 18, 2017 5:33:55 PM codeu.chat.server.Server$1 run
INFO: Reading update from relay...
Apr 18, 2017 5:34:00 PM codeu.chat.server.Server$1 run
INFO: Reading update from relay...
Apr 18, 2017 5:34:05 PM codeu.chat.server.Server$1 run
INFO: Reading update from relay...
Apr 18, 2017 5:34:10 PM codeu.chat.server.Server$1 run
INFO: Reading update from relay...
Apr 18, 2017 5:34:15 PM codeu.chat.server.Server$1 run
INFO: Reading update from relay...
Apr 18, 2017 5:34:20 PM codeu.chat.server.Server$1 run
INFO: Reading update from relay...
Apr 18, 2017 5:34:25 PM codeu.chat.server.Server$1 run
INFO: Reading update from relay...
Apr 18, 2017 5:34:30 PM codeu.chat.server.Server$1 run
INFO: Reading update from relay...
Apr 18, 2017 5:34:35 PM codeu.chat.server.Server$1 run
INFO: Reading update from relay...
Apr 18, 2017 5:34:40 PM codeu.chat.server.Server$1 run
INFO: Reading update from relay...
Apr 18, 2017 5:34:45 PM codeu.chat.server.Server$1 run
INFO: Reading update from relay...
Apr 18, 2017 5:34:56 PM codeu.chat.ServerMain main
INFO: ============================= START OF LOG =============================
Apr 18, 2017 5:34:56 PM codeu.chat.ServerMain main
INFO: Starting server...
Apr 18, 2017 5:34:56 PM codeu.chat.ServerMain runServer
INFO: Created server.
Apr 18, 2017 5:34:56 PM codeu.chat.ServerMain runServer
INFO: Established connection...
Apr 18, 2017 5:34:56 PM codeu.chat.server.Server$1 run
INFO: Reading update from relay...
Apr 18, 2017 5:35:00 PM codeu.chat.ServerMain runServer
INFO: Connection established.
Apr 18, 2017 5:35:00 PM codeu.chat.ServerMain runServer
INFO: Established connection...
Apr 18, 2017 5:35:00 PM codeu.chat.server.Server$2 run
INFO: Handling connection...
Apr 18, 2017 5:35:00 PM codeu.chat.server.Server$2 run
INFO: Connection handled: ACCEPTED
Apr 18, 2017 5:35:00 PM codeu.chat.ServerMain runServer
INFO: Connection established.
Apr 18, 2017 5:35:00 PM codeu.chat.ServerMain runServer
INFO: Established connection...
Apr 18, 2017 5:35:00 PM codeu.chat.server.Server$2 run
INFO: Handling connection...
Apr 18, 2017 5:35:00 PM codeu.chat.server.Server$2 run
INFO: Connection handled: ACCEPTED
Apr 18, 2017 5:35:01 PM codeu.chat.server.Server$1 run
INFO: Reading update from relay...
Apr 18, 2017 5:35:06 PM codeu.chat.server.Server$1 run
INFO: Reading update from relay...
Apr 18, 2017 5:35:11 PM codeu.chat.server.Server$1 run
INFO: Reading update from relay...
Apr 18, 2017 5:35:11 PM codeu.chat.ServerMain runServer
INFO: Connection established.
Apr 18, 2017 5:35:11 PM codeu.chat.ServerMain runServer
INFO: Established connection...
Apr 18, 2017 5:35:11 PM codeu.chat.server.Server$2 run
INFO: Handling connection...
Apr 18, 2017 5:35:11 PM codeu.chat.server.Controller newUser
INFO: Server making new user Sona with password here, status here!
Apr 18, 2017 5:35:11 PM codeu.chat.server.Controller newUser
INFO: newUser success (user.id=[UUID:100.101.4131852418] user.name=Sona user.password=here user.time=18-Apr-2017 17:35:11.896)
Apr 18, 2017 5:35:11 PM codeu.chat.server.Server$2 run
INFO: Connection handled: ACCEPTED
Apr 18, 2017 5:35:11 PM codeu.chat.ServerMain runServer
INFO: Connection established.
Apr 18, 2017 5:35:11 PM codeu.chat.ServerMain runServer
INFO: Established connection...
Apr 18, 2017 5:35:11 PM codeu.chat.server.Server$2 run
INFO: Handling connection...
Apr 18, 2017 5:35:11 PM codeu.chat.server.View getUsersExcluding
INFO: Sona
Apr 18, 2017 5:35:11 PM codeu.chat.server.Server$2 run
INFO: Connection handled: ACCEPTED
Apr 18, 2017 5:35:11 PM codeu.chat.ServerMain runServer
INFO: Connection established.
Apr 18, 2017 5:35:11 PM codeu.chat.ServerMain runServer
INFO: Established connection...
Apr 18, 2017 5:35:11 PM codeu.chat.server.Server$2 run
INFO: Handling connection...
Apr 18, 2017 5:35:11 PM codeu.chat.server.View getUsersExcluding
INFO: Sona
Apr 18, 2017 5:35:11 PM codeu.chat.server.Server$2 run
INFO: Connection handled: ACCEPTED
Apr 18, 2017 5:35:16 PM codeu.chat.server.Server$1 run
INFO: Reading update from relay...
Apr 18, 2017 5:35:18 PM codeu.chat.ServerMain runServer
INFO: Connection established.
Apr 18, 2017 5:35:18 PM codeu.chat.ServerMain runServer
INFO: Established connection...
Apr 18, 2017 5:35:18 PM codeu.chat.server.Server$2 run
INFO: Handling connection...
Apr 18, 2017 5:35:18 PM codeu.chat.server.Server$2 run
INFO: Connection handled: ACCEPTED
Apr 18, 2017 5:35:21 PM codeu.chat.server.Server$1 run
INFO: Reading update from relay...
Apr 18, 2017 5:35:26 PM codeu.chat.server.Server$1 run
INFO: Reading update from relay...
Apr 18, 2017 5:35:31 PM codeu.chat.server.Server$1 run
INFO: Reading update from relay...
Apr 18, 2017 5:35:36 PM codeu.chat.server.Server$1 run
INFO: Reading update from relay...
Apr 18, 2017 5:35:41 PM codeu.chat.server.Server$1 run
INFO: Reading update from relay...
Apr 18, 2017 5:35:46 PM codeu.chat.server.Server$1 run
INFO: Reading update from relay...
Apr 18, 2017 5:35:51 PM codeu.chat.server.Server$1 run
INFO: Reading update from relay...
Apr 18, 2017 5:35:56 PM codeu.chat.server.Server$1 run
INFO: Reading update from relay...
Apr 18, 2017 5:36:01 PM codeu.chat.server.Server$1 run
INFO: Reading update from relay...
Apr 18, 2017 5:36:06 PM codeu.chat.server.Server$1 run
INFO: Reading update from relay...
Apr 18, 2017 5:36:11 PM codeu.chat.server.Server$1 run
INFO: Reading update from relay...
Apr 18, 2017 5:36:16 PM codeu.chat.server.Server$1 run
INFO: Reading update from relay...
Apr 18, 2017 5:36:21 PM codeu.chat.server.Server$1 run
INFO: Reading update from relay...
Apr 18, 2017 5:36:26 PM codeu.chat.server.Server$1 run
INFO: Reading update from relay...
Apr 18, 2017 5:36:31 PM codeu.chat.server.Server$1 run
INFO: Reading update from relay...
Apr 18, 2017 5:36:36 PM codeu.chat.server.Server$1 run
INFO: Reading update from relay...
Apr 18, 2017 5:36:41 PM codeu.chat.server.Server$1 run
INFO: Reading update from relay...
Apr 18, 2017 5:36:46 PM codeu.chat.server.Server$1 run
INFO: Reading update from relay...
Apr 18, 2017 5:36:51 PM codeu.chat.server.Server$1 run
INFO: Reading update from relay...
Apr 18, 2017 5:36:56 PM codeu.chat.server.Server$1 run
INFO: Reading update from relay...
Apr 18, 2017 5:37:01 PM codeu.chat.server.Server$1 run
INFO: Reading update from relay...
Apr 18, 2017 5:37:06 PM codeu.chat.server.Server$1 run
INFO: Reading update from relay...
Apr 18, 2017 5:37:11 PM codeu.chat.server.Server$1 run
INFO: Reading update from relay...
Apr 18, 2017 5:37:16 PM codeu.chat.server.Server$1 run
INFO: Reading update from relay...
Apr 18, 2017 5:37:21 PM codeu.chat.server.Server$1 run
INFO: Reading update from relay...
Apr 18, 2017 5:37:26 PM codeu.chat.server.Server$1 run
INFO: Reading update from relay...
Apr 18, 2017 5:37:31 PM codeu.chat.server.Server$1 run
INFO: Reading update from relay...
Apr 18, 2017 5:37:36 PM codeu.chat.server.Server$1 run
INFO: Reading update from relay...
Apr 18, 2017 5:37:41 PM codeu.chat.server.Server$1 run
INFO: Reading update from relay...
Apr 18, 2017 5:37:46 PM codeu.chat.server.Server$1 run
INFO: Reading update from relay...
Apr 18, 2017 5:37:51 PM codeu.chat.server.Server$1 run
INFO: Reading update from relay...
Apr 18, 2017 5:37:56 PM codeu.chat.server.Server$1 run
INFO: Reading update from relay...
Apr 18, 2017 5:38:01 PM codeu.chat.server.Server$1 run
INFO: Reading update from relay...
Apr 18, 2017 5:38:06 PM codeu.chat.server.Server$1 run
INFO: Reading update from relay...
Apr 18, 2017 5:38:11 PM codeu.chat.server.Server$1 run
INFO: Reading update from relay...
Apr 18, 2017 5:38:16 PM codeu.chat.server.Server$1 run
INFO: Reading update from relay...
Apr 18, 2017 5:38:21 PM codeu.chat.server.Server$1 run
INFO: Reading update from relay...
Apr 18, 2017 5:38:26 PM codeu.chat.server.Server$1 run
INFO: Reading update from relay...
Apr 18, 2017 5:38:31 PM codeu.chat.server.Server$1 run
INFO: Reading update from relay...
Apr 18, 2017 5:38:36 PM codeu.chat.server.Server$1 run
INFO: Reading update from relay...
